
image.elf: formato do arquivo elf32-bigmips


Desmontagem da seção .text:

40000000 <_entry>:
40000000:	3c054000 	lui	a1,0x4000
40000004:	24a53210 	addiu	a1,a1,12816
40000008:	3c044008 	lui	a0,0x4008
4000000c:	2484e5d4 	addiu	a0,a0,-6700
40000010:	3c1c4001 	lui	gp,0x4001
40000014:	279cb200 	addiu	gp,gp,-19968
40000018:	3c1d5000 	lui	sp,0x5000
4000001c:	27bdfffc 	addiu	sp,sp,-4
40000020:	aca00000 	sw	zero,0(a1)
40000024:	00a4182a 	slt	v1,a1,a0
40000028:	24a50004 	addiu	a1,a1,4
4000002c:	1460fffc 	bnez	v1,40000020 <_entry+0x20>
40000030:	00000000 	nop
40000034:	3c1b4000 	lui	k1,0x4000
40000038:	277b0100 	addiu	k1,k1,256
4000003c:	3c1af000 	lui	k0,0xf000
40000040:	af5b0000 	sw	k1,0(k0)
40000044:	0c0004eb 	jal	400013ac <main>
40000048:	00000000 	nop
4000004c:	3c1ae000 	lui	k0,0xe000
40000050:	af400000 	sw	zero,0(k0)
40000054:	1000ffff 	b	40000054 <_entry+0x54>
40000058:	00000000 	nop
	...

40000100 <_isr>:
40000100:	00000000 	nop
40000104:	27bdff98 	addiu	sp,sp,-104
40000108:	afa10010 	sw	at,16(sp)
4000010c:	afa20014 	sw	v0,20(sp)
40000110:	afa30018 	sw	v1,24(sp)
40000114:	afa4001c 	sw	a0,28(sp)
40000118:	afa50020 	sw	a1,32(sp)
4000011c:	afa60024 	sw	a2,36(sp)
40000120:	afa70028 	sw	a3,40(sp)
40000124:	afa8002c 	sw	t0,44(sp)
40000128:	afa90030 	sw	t1,48(sp)
4000012c:	afaa0034 	sw	t2,52(sp)
40000130:	afab0038 	sw	t3,56(sp)
40000134:	afac003c 	sw	t4,60(sp)
40000138:	afad0040 	sw	t5,64(sp)
4000013c:	afae0044 	sw	t6,68(sp)
40000140:	afaf0048 	sw	t7,72(sp)
40000144:	afb8004c 	sw	t8,76(sp)
40000148:	afb90050 	sw	t9,80(sp)
4000014c:	afbf0054 	sw	ra,84(sp)
40000150:	3c1af000 	lui	k0,0xf000
40000154:	375a0040 	ori	k0,k0,0x40
40000158:	8f5a0000 	lw	k0,0(k0)
4000015c:	275afffc 	addiu	k0,k0,-4
40000160:	afba0058 	sw	k0,88(sp)
40000164:	0000d810 	mfhi	k1
40000168:	afbb005c 	sw	k1,92(sp)
4000016c:	0000d812 	mflo	k1
40000170:	afbb0060 	sw	k1,96(sp)
40000174:	3c05f000 	lui	a1,0xf000
40000178:	8ca40010 	lw	a0,16(a1)
4000017c:	8ca60020 	lw	a2,32(a1)
40000180:	00862024 	and	a0,a0,a2
40000184:	0c0001a4 	jal	40000690 <_irq_handler>
40000188:	27a50000 	addiu	a1,sp,0
4000018c:	8fa10010 	lw	at,16(sp)
40000190:	8fa20014 	lw	v0,20(sp)
40000194:	8fa30018 	lw	v1,24(sp)
40000198:	8fa4001c 	lw	a0,28(sp)
4000019c:	8fa50020 	lw	a1,32(sp)
400001a0:	8fa60024 	lw	a2,36(sp)
400001a4:	8fa70028 	lw	a3,40(sp)
400001a8:	8fa8002c 	lw	t0,44(sp)
400001ac:	8fa90030 	lw	t1,48(sp)
400001b0:	8faa0034 	lw	t2,52(sp)
400001b4:	8fab0038 	lw	t3,56(sp)
400001b8:	8fac003c 	lw	t4,60(sp)
400001bc:	8fad0040 	lw	t5,64(sp)
400001c0:	8fae0044 	lw	t6,68(sp)
400001c4:	8faf0048 	lw	t7,72(sp)
400001c8:	8fb8004c 	lw	t8,76(sp)
400001cc:	8fb90050 	lw	t9,80(sp)
400001d0:	8fbf0054 	lw	ra,84(sp)
400001d4:	8fba0058 	lw	k0,88(sp)
400001d8:	8fbb005c 	lw	k1,92(sp)
400001dc:	03600011 	mthi	k1
400001e0:	8fbb0060 	lw	k1,96(sp)
400001e4:	03600013 	mtlo	k1
400001e8:	27bd0068 	addiu	sp,sp,104
400001ec:	341b0001 	li	k1,0x1
400001f0:	3c1af000 	lui	k0,0xf000
400001f4:	375a0030 	ori	k0,k0,0x30
400001f8:	af5b0000 	sw	k1,0(k0)
400001fc:	8fbafff0 	lw	k0,-16(sp)
40000200:	03400008 	jr	k0
40000204:	00000000 	nop

40000208 <_interrupt_set>:
40000208:	3c03f000 	lui	v1,0xf000
4000020c:	34630030 	ori	v1,v1,0x30
40000210:	8c620000 	lw	v0,0(v1)
40000214:	ac640000 	sw	a0,0(v1)
40000218:	03e00008 	jr	ra
4000021c:	00000000 	nop

40000220 <_context_save>:
40000220:	ac900000 	sw	s0,0(a0)
40000224:	ac910004 	sw	s1,4(a0)
40000228:	ac920008 	sw	s2,8(a0)
4000022c:	ac93000c 	sw	s3,12(a0)
40000230:	ac940010 	sw	s4,16(a0)
40000234:	ac950014 	sw	s5,20(a0)
40000238:	ac960018 	sw	s6,24(a0)
4000023c:	ac97001c 	sw	s7,28(a0)
40000240:	ac9e0020 	sw	s8,32(a0)
40000244:	ac9c0024 	sw	gp,36(a0)
40000248:	ac9d0028 	sw	sp,40(a0)
4000024c:	ac9f002c 	sw	ra,44(a0)
40000250:	34020000 	li	v0,0x0
40000254:	03e00008 	jr	ra
40000258:	00000000 	nop

4000025c <_context_restore>:
4000025c:	8c900000 	lw	s0,0(a0)
40000260:	8c910004 	lw	s1,4(a0)
40000264:	8c920008 	lw	s2,8(a0)
40000268:	8c93000c 	lw	s3,12(a0)
4000026c:	8c940010 	lw	s4,16(a0)
40000270:	8c950014 	lw	s5,20(a0)
40000274:	8c960018 	lw	s6,24(a0)
40000278:	8c97001c 	lw	s7,28(a0)
4000027c:	8c9e0020 	lw	s8,32(a0)
40000280:	8c9c0024 	lw	gp,36(a0)
40000284:	8c9d0028 	lw	sp,40(a0)
40000288:	8c9f002c 	lw	ra,44(a0)
4000028c:	341b0001 	li	k1,0x1
40000290:	3c1af000 	lui	k0,0xf000
40000294:	375a0030 	ori	k0,k0,0x30
40000298:	34a20000 	ori	v0,a1,0x0
4000029c:	af5b0000 	sw	k1,0(k0)
400002a0:	03e00008 	jr	ra
400002a4:	00000000 	nop

400002a8 <tarefa>:
400002a8:	27bdffd8 	addiu	sp,sp,-40
400002ac:	afb2001c 	sw	s2,28(sp)
400002b0:	afb00014 	sw	s0,20(sp)
400002b4:	afbf0024 	sw	ra,36(sp)
400002b8:	afb30020 	sw	s3,32(sp)
400002bc:	afb10018 	sw	s1,24(sp)
400002c0:	0c00093a 	jal	400024e8 <hf_selfid>
400002c4:	3c124000 	lui	s2,0x4000
400002c8:	00408021 	move	s0,v0
400002cc:	26522938 	addiu	s2,s2,10552
400002d0:	0c000948 	jal	40002520 <hf_jobs>
400002d4:	02002021 	move	a0,s0
400002d8:	0c0006b6 	jal	40001ad8 <hf_freecpu>
400002dc:	00408821 	move	s1,v0
400002e0:	02002021 	move	a0,s0
400002e4:	0c00096b 	jal	400025ac <hf_dlm>
400002e8:	00409821 	move	s3,v0
400002ec:	00403821 	move	a3,v0
400002f0:	02402021 	move	a0,s2
400002f4:	02002821 	move	a1,s0
400002f8:	0c000427 	jal	4000109c <printf>
400002fc:	02603021 	move	a2,s3
40000300:	0c000948 	jal	40002520 <hf_jobs>
40000304:	02002021 	move	a0,s0
40000308:	1051fffd 	beq	v0,s1,40000300 <tarefa+0x58>
4000030c:	00000000 	nop
40000310:	080000b4 	j	400002d0 <tarefa+0x28>
40000314:	00000000 	nop

40000318 <app_main>:
40000318:	27bdffd8 	addiu	sp,sp,-40
4000031c:	afb10020 	sw	s1,32(sp)
40000320:	3c024000 	lui	v0,0x4000
40000324:	3c114000 	lui	s1,0x4000
40000328:	afb0001c 	sw	s0,28(sp)
4000032c:	262402a8 	addiu	a0,s1,680
40000330:	24100400 	li	s0,1024
40000334:	24050007 	li	a1,7
40000338:	24060002 	li	a2,2
4000033c:	24070007 	li	a3,7
40000340:	2442295c 	addiu	v0,v0,10588
40000344:	afbf0024 	sw	ra,36(sp)
40000348:	afb00014 	sw	s0,20(sp)
4000034c:	0c000987 	jal	4000261c <hf_spawn>
40000350:	afa20010 	sw	v0,16(sp)
40000354:	3c024000 	lui	v0,0x4000
40000358:	262402a8 	addiu	a0,s1,680
4000035c:	24050008 	li	a1,8
40000360:	24060001 	li	a2,1
40000364:	24070008 	li	a3,8
40000368:	24422960 	addiu	v0,v0,10592
4000036c:	afb00014 	sw	s0,20(sp)
40000370:	0c000987 	jal	4000261c <hf_spawn>
40000374:	afa20010 	sw	v0,16(sp)
40000378:	3c024000 	lui	v0,0x4000
4000037c:	262402a8 	addiu	a0,s1,680
40000380:	24050009 	li	a1,9
40000384:	24060001 	li	a2,1
40000388:	24070009 	li	a3,9
4000038c:	24422964 	addiu	v0,v0,10596
40000390:	afb00014 	sw	s0,20(sp)
40000394:	0c000987 	jal	4000261c <hf_spawn>
40000398:	afa20010 	sw	v0,16(sp)
4000039c:	3c024000 	lui	v0,0x4000
400003a0:	262402a8 	addiu	a0,s1,680
400003a4:	2405000a 	li	a1,10
400003a8:	24060002 	li	a2,2
400003ac:	2407000a 	li	a3,10
400003b0:	24422968 	addiu	v0,v0,10600
400003b4:	afb00014 	sw	s0,20(sp)
400003b8:	0c000987 	jal	4000261c <hf_spawn>
400003bc:	afa20010 	sw	v0,16(sp)
400003c0:	3c024000 	lui	v0,0x4000
400003c4:	262402a8 	addiu	a0,s1,680
400003c8:	2442296c 	addiu	v0,v0,10604
400003cc:	2405000d 	li	a1,13
400003d0:	24060001 	li	a2,1
400003d4:	2407000d 	li	a3,13
400003d8:	afb00014 	sw	s0,20(sp)
400003dc:	0c000987 	jal	4000261c <hf_spawn>
400003e0:	afa20010 	sw	v0,16(sp)
400003e4:	8fbf0024 	lw	ra,36(sp)
400003e8:	8fb10020 	lw	s1,32(sp)
400003ec:	8fb0001c 	lw	s0,28(sp)
400003f0:	03e00008 	jr	ra
400003f4:	27bd0028 	addiu	sp,sp,40

400003f8 <putchar>:
400003f8:	3c03f000 	lui	v1,0xf000
400003fc:	8c620010 	lw	v0,16(v1)
40000400:	30420080 	andi	v0,v0,0x80
40000404:	1040fffd 	beqz	v0,400003fc <putchar+0x4>
40000408:	3c02f000 	lui	v0,0xf000
4000040c:	ac4400e0 	sw	a0,224(v0)
40000410:	03e00008 	jr	ra
40000414:	00000000 	nop

40000418 <dputchar>:
40000418:	3c02f000 	lui	v0,0xf000
4000041c:	ac4400d0 	sw	a0,208(v0)
40000420:	03e00008 	jr	ra
40000424:	00000000 	nop

40000428 <_hardware_init>:
40000428:	03e00008 	jr	ra
4000042c:	00000000 	nop

40000430 <_vm_init>:
40000430:	3c044000 	lui	a0,0x4000
40000434:	27bdffe8 	addiu	sp,sp,-24
40000438:	afbf0014 	sw	ra,20(sp)
4000043c:	0c00022d 	jal	400008b4 <kprintf>
40000440:	24842970 	addiu	a0,a0,10608
40000444:	3c044000 	lui	a0,0x4000
40000448:	3c050007 	lui	a1,0x7
4000044c:	8fbf0014 	lw	ra,20(sp)
40000450:	2484449c 	addiu	a0,a0,17564
40000454:	34a5a120 	ori	a1,a1,0xa120
40000458:	0800060c 	j	40001830 <heapinit>
4000045c:	27bd0018 	addiu	sp,sp,24

40000460 <_sched_init>:
40000460:	3c044000 	lui	a0,0x4000
40000464:	0800022d 	j	400008b4 <kprintf>
40000468:	24842984 	addiu	a0,a0,10628

4000046c <_timer_init>:
4000046c:	27bdffe8 	addiu	sp,sp,-24
40000470:	3c044000 	lui	a0,0x4000
40000474:	afb00010 	sw	s0,16(sp)
40000478:	24842998 	addiu	a0,a0,10648
4000047c:	afbf0014 	sw	ra,20(sp)
40000480:	0c00022d 	jal	400008b4 <kprintf>
40000484:	3c104000 	lui	s0,0x4000
40000488:	26051ea8 	addiu	a1,s0,7848
4000048c:	0c000196 	jal	40000658 <_irq_register>
40000490:	24040001 	li	a0,1
40000494:	26051ea8 	addiu	a1,s0,7848
40000498:	0c000196 	jal	40000658 <_irq_register>
4000049c:	24040002 	li	a0,2
400004a0:	8fbf0014 	lw	ra,20(sp)
400004a4:	24030001 	li	v1,1
400004a8:	3c02f000 	lui	v0,0xf000
400004ac:	8fb00010 	lw	s0,16(sp)
400004b0:	ac430020 	sw	v1,32(v0)
400004b4:	03e00008 	jr	ra
400004b8:	27bd0018 	addiu	sp,sp,24

400004bc <_irq_init>:
400004bc:	3c044000 	lui	a0,0x4000
400004c0:	0800022d 	j	400008b4 <kprintf>
400004c4:	248429ac 	addiu	a0,a0,10668

400004c8 <_device_init>:
400004c8:	3c044000 	lui	a0,0x4000
400004cc:	0800022d 	j	400008b4 <kprintf>
400004d0:	248429c0 	addiu	a0,a0,10688

400004d4 <_task_init>:
400004d4:	3c044000 	lui	a0,0x4000
400004d8:	0800022d 	j	400008b4 <kprintf>
400004dc:	248429d8 	addiu	a0,a0,10712

400004e0 <_set_task_sp>:
400004e0:	3084ffff 	andi	a0,a0,0xffff
400004e4:	00041880 	sll	v1,a0,0x2
400004e8:	00041100 	sll	v0,a0,0x4
400004ec:	00621021 	addu	v0,v1,v0
400004f0:	00442023 	subu	a0,v0,a0
400004f4:	3c024000 	lui	v0,0x4000
400004f8:	000420c0 	sll	a0,a0,0x3
400004fc:	244232cc 	addiu	v0,v0,13004
40000500:	00822021 	addu	a0,a0,v0
40000504:	03e00008 	jr	ra
40000508:	ac850060 	sw	a1,96(a0)

4000050c <_get_task_sp>:
4000050c:	3084ffff 	andi	a0,a0,0xffff
40000510:	00041880 	sll	v1,a0,0x2
40000514:	00041100 	sll	v0,a0,0x4
40000518:	00621021 	addu	v0,v1,v0
4000051c:	00442023 	subu	a0,v0,a0
40000520:	3c024000 	lui	v0,0x4000
40000524:	244232cc 	addiu	v0,v0,13004
40000528:	000420c0 	sll	a0,a0,0x3
4000052c:	00822021 	addu	a0,a0,v0
40000530:	03e00008 	jr	ra
40000534:	8c820060 	lw	v0,96(a0)

40000538 <_set_task_tp>:
40000538:	3084ffff 	andi	a0,a0,0xffff
4000053c:	00041880 	sll	v1,a0,0x2
40000540:	00041100 	sll	v0,a0,0x4
40000544:	00621021 	addu	v0,v1,v0
40000548:	00442023 	subu	a0,v0,a0
4000054c:	3c024000 	lui	v0,0x4000
40000550:	000420c0 	sll	a0,a0,0x3
40000554:	244232cc 	addiu	v0,v0,13004
40000558:	00822021 	addu	a0,a0,v0
4000055c:	03e00008 	jr	ra
40000560:	ac850064 	sw	a1,100(a0)

40000564 <_cpu_idle>:
40000564:	03e00008 	jr	ra
40000568:	00000000 	nop

4000056c <_read_us>:
4000056c:	3c094000 	lui	t1,0x4000
40000570:	8d223218 	lw	v0,12824(t1)
40000574:	27bdffe8 	addiu	sp,sp,-24
40000578:	afbf0014 	sw	ra,20(sp)
4000057c:	14400014 	bnez	v0,400005d0 <_read_us+0x64>
40000580:	3c03f000 	lui	v1,0xf000
40000584:	8c620050 	lw	v0,80(v1)
40000588:	3c024000 	lui	v0,0x4000
4000058c:	8c42321c 	lw	v0,12828(v0)
40000590:	8c630050 	lw	v1,80(v1)
40000594:	3c03f000 	lui	v1,0xf000
40000598:	8c6a0050 	lw	t2,80(v1)
4000059c:	8c680050 	lw	t0,80(v1)
400005a0:	00402021 	move	a0,v0
400005a4:	3c034000 	lui	v1,0x4000
400005a8:	01002821 	move	a1,t0
400005ac:	24070019 	li	a3,25
400005b0:	00003021 	move	a2,zero
400005b4:	ad2a3218 	sw	t2,12824(t1)
400005b8:	ac623220 	sw	v0,12832(v1)
400005bc:	0c0004d2 	jal	40001348 <__udivdi3>
400005c0:	ac683224 	sw	t0,12836(v1)
400005c4:	8fbf0014 	lw	ra,20(sp)
400005c8:	03e00008 	jr	ra
400005cc:	27bd0018 	addiu	sp,sp,24
400005d0:	8c630050 	lw	v1,80(v1)
400005d4:	0062102b 	sltu	v0,v1,v0
400005d8:	10400005 	beqz	v0,400005f0 <_read_us+0x84>
400005dc:	3c034000 	lui	v1,0x4000
400005e0:	8c62321c 	lw	v0,12828(v1)
400005e4:	24420001 	addiu	v0,v0,1
400005e8:	08000165 	j	40000594 <_read_us+0x28>
400005ec:	ac62321c 	sw	v0,12828(v1)
400005f0:	3c024000 	lui	v0,0x4000
400005f4:	08000165 	j	40000594 <_read_us+0x28>
400005f8:	8c42321c 	lw	v0,12828(v0)

400005fc <_timer_reset>:
400005fc:	3c02f000 	lui	v0,0xf000
40000600:	8c430020 	lw	v1,32(v0)
40000604:	27bdffe8 	addiu	sp,sp,-24
40000608:	afbf0014 	sw	ra,20(sp)
4000060c:	38630003 	xori	v1,v1,0x3
40000610:	ac430020 	sw	v1,32(v0)
40000614:	0c00015b 	jal	4000056c <_read_us>
40000618:	00000000 	nop
4000061c:	3c024000 	lui	v0,0x4000
40000620:	8c453214 	lw	a1,12820(v0)
40000624:	8fbf0014 	lw	ra,20(sp)
40000628:	3c044000 	lui	a0,0x4000
4000062c:	00652823 	subu	a1,v1,a1
40000630:	ac833210 	sw	v1,12816(a0)
40000634:	3c044008 	lui	a0,0x4008
40000638:	ac85e5d0 	sw	a1,-6704(a0)
4000063c:	ac433214 	sw	v1,12820(v0)
40000640:	03e00008 	jr	ra
40000644:	27bd0018 	addiu	sp,sp,24

40000648 <_panic>:
40000648:	3c02e000 	lui	v0,0xe000
4000064c:	ac400000 	sw	zero,0(v0)
40000650:	03e00008 	jr	ra
40000654:	00000000 	nop

40000658 <_irq_register>:
40000658:	3c034000 	lui	v1,0x4000
4000065c:	24633228 	addiu	v1,v1,12840
40000660:	00001021 	move	v0,zero
40000664:	24080001 	li	t0,1
40000668:	24070020 	li	a3,32
4000066c:	00483004 	sllv	a2,t0,v0
40000670:	00c43024 	and	a2,a2,a0
40000674:	10c00002 	beqz	a2,40000680 <_irq_register+0x28>
40000678:	24420001 	addiu	v0,v0,1
4000067c:	ac650000 	sw	a1,0(v1)
40000680:	1447fffa 	bne	v0,a3,4000066c <_irq_register+0x14>
40000684:	24630004 	addiu	v1,v1,4
40000688:	03e00008 	jr	ra
4000068c:	00000000 	nop

40000690 <_irq_handler>:
40000690:	27bdffe0 	addiu	sp,sp,-32
40000694:	afbf001c 	sw	ra,28(sp)
40000698:	afb20018 	sw	s2,24(sp)
4000069c:	afb10014 	sw	s1,20(sp)
400006a0:	afb00010 	sw	s0,16(sp)
400006a4:	00a08821 	move	s1,a1
400006a8:	0c00015b 	jal	4000056c <_read_us>
400006ac:	00808021 	move	s0,a0
400006b0:	3c044000 	lui	a0,0x4000
400006b4:	00603021 	move	a2,v1
400006b8:	248429ec 	addiu	a0,a0,10732
400006bc:	0c0002aa 	jal	40000aa8 <dprintf>
400006c0:	02002821 	move	a1,s0
400006c4:	3c024008 	lui	v0,0x4008
400006c8:	2442e5bc 	addiu	v0,v0,-6724
400006cc:	8c430010 	lw	v1,16(v0)
400006d0:	3c124000 	lui	s2,0x4000
400006d4:	26523228 	addiu	s2,s2,12840
400006d8:	24630001 	addiu	v1,v1,1
400006dc:	ac430010 	sw	v1,16(v0)
400006e0:	32020001 	andi	v0,s0,0x1
400006e4:	10400006 	beqz	v0,40000700 <_irq_handler+0x70>
400006e8:	00108042 	srl	s0,s0,0x1
400006ec:	8e420000 	lw	v0,0(s2)
400006f0:	10400003 	beqz	v0,40000700 <_irq_handler+0x70>
400006f4:	02202021 	move	a0,s1
400006f8:	0040f809 	jalr	v0
400006fc:	00000000 	nop
40000700:	1600fff7 	bnez	s0,400006e0 <_irq_handler+0x50>
40000704:	26520004 	addiu	s2,s2,4
40000708:	8fbf001c 	lw	ra,28(sp)
4000070c:	8fb20018 	lw	s2,24(sp)
40000710:	8fb10014 	lw	s1,20(sp)
40000714:	8fb00010 	lw	s0,16(sp)
40000718:	03e00008 	jr	ra
4000071c:	27bd0020 	addiu	sp,sp,32

40000720 <kitoa.part.0>:
40000720:	27bdffd0 	addiu	sp,sp,-48
40000724:	24020010 	li	v0,16
40000728:	afb2001c 	sw	s2,28(sp)
4000072c:	afb00014 	sw	s0,20(sp)
40000730:	afbf002c 	sw	ra,44(sp)
40000734:	afb50028 	sw	s5,40(sp)
40000738:	afb40024 	sw	s4,36(sp)
4000073c:	afb30020 	sw	s3,32(sp)
40000740:	afb10018 	sw	s1,24(sp)
40000744:	00a09021 	move	s2,a1
40000748:	10a20036 	beq	a1,v0,40000824 <kitoa.part.0+0x104>
4000074c:	00808021 	move	s0,a0
40000750:	04800047 	bltz	a0,40000870 <kitoa.part.0+0x150>
40000754:	00000000 	nop
40000758:	10800024 	beqz	a0,400007ec <kitoa.part.0+0xcc>
4000075c:	0000a821 	move	s5,zero
40000760:	3c134000 	lui	s3,0x4000
40000764:	3c144000 	lui	s4,0x4000
40000768:	2411001e 	li	s1,30
4000076c:	267332a8 	addiu	s3,s3,12968
40000770:	080001e0 	j	40000780 <kitoa.part.0+0x60>
40000774:	269429f8 	addiu	s4,s4,10744
40000778:	1220000e 	beqz	s1,400007b4 <kitoa.part.0+0x94>
4000077c:	00000000 	nop
40000780:	02002021 	move	a0,s0
40000784:	0c00046d 	jal	400011b4 <__modsi3>
40000788:	02402821 	move	a1,s2
4000078c:	02821021 	addu	v0,s4,v0
40000790:	90430000 	lbu	v1,0(v0)
40000794:	02711021 	addu	v0,s3,s1
40000798:	02002021 	move	a0,s0
4000079c:	02402821 	move	a1,s2
400007a0:	0c000458 	jal	40001160 <__divsi3>
400007a4:	a0430000 	sb	v1,0(v0)
400007a8:	00408021 	move	s0,v0
400007ac:	1440fff2 	bnez	v0,40000778 <kitoa.part.0+0x58>
400007b0:	2631ffff 	addiu	s1,s1,-1
400007b4:	12a00010 	beqz	s5,400007f8 <kitoa.part.0+0xd8>
400007b8:	02711021 	addu	v0,s3,s1
400007bc:	2403002d 	li	v1,45
400007c0:	a0430000 	sb	v1,0(v0)
400007c4:	8fbf002c 	lw	ra,44(sp)
400007c8:	02711021 	addu	v0,s3,s1
400007cc:	8fb50028 	lw	s5,40(sp)
400007d0:	8fb40024 	lw	s4,36(sp)
400007d4:	8fb30020 	lw	s3,32(sp)
400007d8:	8fb2001c 	lw	s2,28(sp)
400007dc:	8fb10018 	lw	s1,24(sp)
400007e0:	8fb00014 	lw	s0,20(sp)
400007e4:	03e00008 	jr	ra
400007e8:	27bd0030 	addiu	sp,sp,48
400007ec:	3c134000 	lui	s3,0x4000
400007f0:	2411001e 	li	s1,30
400007f4:	267332a8 	addiu	s3,s3,12968
400007f8:	8fbf002c 	lw	ra,44(sp)
400007fc:	26310001 	addiu	s1,s1,1
40000800:	02711021 	addu	v0,s3,s1
40000804:	8fb50028 	lw	s5,40(sp)
40000808:	8fb40024 	lw	s4,36(sp)
4000080c:	8fb30020 	lw	s3,32(sp)
40000810:	8fb2001c 	lw	s2,28(sp)
40000814:	8fb10018 	lw	s1,24(sp)
40000818:	8fb00014 	lw	s0,20(sp)
4000081c:	03e00008 	jr	ra
40000820:	27bd0030 	addiu	sp,sp,48
40000824:	1080001f 	beqz	a0,400008a4 <kitoa.part.0+0x184>
40000828:	3c144000 	lui	s4,0x4000
4000082c:	3c134000 	lui	s3,0x4000
40000830:	2411001e 	li	s1,30
40000834:	267332a8 	addiu	s3,s3,12968
40000838:	08000212 	j	40000848 <kitoa.part.0+0x128>
4000083c:	269429f8 	addiu	s4,s4,10744
40000840:	1220000e 	beqz	s1,4000087c <kitoa.part.0+0x15c>
40000844:	8fbf002c 	lw	ra,44(sp)
40000848:	3202000f 	andi	v0,s0,0xf
4000084c:	02821021 	addu	v0,s4,v0
40000850:	90430000 	lbu	v1,0(v0)
40000854:	00108102 	srl	s0,s0,0x4
40000858:	02711021 	addu	v0,s3,s1
4000085c:	a0430000 	sb	v1,0(v0)
40000860:	1600fff7 	bnez	s0,40000840 <kitoa.part.0+0x120>
40000864:	2631ffff 	addiu	s1,s1,-1
40000868:	080001ff 	j	400007fc <kitoa.part.0+0xdc>
4000086c:	8fbf002c 	lw	ra,44(sp)
40000870:	00048023 	negu	s0,a0
40000874:	080001d8 	j	40000760 <kitoa.part.0+0x40>
40000878:	24150001 	li	s5,1
4000087c:	24110001 	li	s1,1
40000880:	02711021 	addu	v0,s3,s1
40000884:	8fb50028 	lw	s5,40(sp)
40000888:	8fb40024 	lw	s4,36(sp)
4000088c:	8fb30020 	lw	s3,32(sp)
40000890:	8fb2001c 	lw	s2,28(sp)
40000894:	8fb10018 	lw	s1,24(sp)
40000898:	8fb00014 	lw	s0,20(sp)
4000089c:	03e00008 	jr	ra
400008a0:	27bd0030 	addiu	sp,sp,48
400008a4:	3c134000 	lui	s3,0x4000
400008a8:	2411001f 	li	s1,31
400008ac:	080001f1 	j	400007c4 <kitoa.part.0+0xa4>
400008b0:	267332a8 	addiu	s3,s3,12968

400008b4 <kprintf>:
400008b4:	27bdffc0 	addiu	sp,sp,-64
400008b8:	27a20044 	addiu	v0,sp,68
400008bc:	afbe0038 	sw	s8,56(sp)
400008c0:	afb60030 	sw	s6,48(sp)
400008c4:	afb40028 	sw	s4,40(sp)
400008c8:	afb30024 	sw	s3,36(sp)
400008cc:	afb20020 	sw	s2,32(sp)
400008d0:	afb1001c 	sw	s1,28(sp)
400008d4:	afb00018 	sw	s0,24(sp)
400008d8:	afbf003c 	sw	ra,60(sp)
400008dc:	afb70034 	sw	s7,52(sp)
400008e0:	afb5002c 	sw	s5,44(sp)
400008e4:	afa50044 	sw	a1,68(sp)
400008e8:	afa60048 	sw	a2,72(sp)
400008ec:	afa7004c 	sw	a3,76(sp)
400008f0:	00808021 	move	s0,a0
400008f4:	afa20010 	sw	v0,16(sp)
400008f8:	0040f021 	move	s8,v0
400008fc:	24110025 	li	s1,37
40000900:	24120064 	li	s2,100
40000904:	3c144000 	lui	s4,0x4000
40000908:	24130073 	li	s3,115
4000090c:	3c164000 	lui	s6,0x4000
40000910:	82040000 	lb	a0,0(s0)
40000914:	10800008 	beqz	a0,40000938 <kprintf+0x84>
40000918:	8fbf003c 	lw	ra,60(sp)
4000091c:	10910012 	beq	a0,s1,40000968 <kprintf+0xb4>
40000920:	00000000 	nop
40000924:	0c0000fe 	jal	400003f8 <putchar>
40000928:	26100001 	addiu	s0,s0,1
4000092c:	82040000 	lb	a0,0(s0)
40000930:	1480fffa 	bnez	a0,4000091c <kprintf+0x68>
40000934:	8fbf003c 	lw	ra,60(sp)
40000938:	00001021 	move	v0,zero
4000093c:	8fbe0038 	lw	s8,56(sp)
40000940:	8fb70034 	lw	s7,52(sp)
40000944:	8fb60030 	lw	s6,48(sp)
40000948:	8fb5002c 	lw	s5,44(sp)
4000094c:	8fb40028 	lw	s4,40(sp)
40000950:	8fb30024 	lw	s3,36(sp)
40000954:	8fb20020 	lw	s2,32(sp)
40000958:	8fb1001c 	lw	s1,28(sp)
4000095c:	8fb00018 	lw	s0,24(sp)
40000960:	03e00008 	jr	ra
40000964:	27bd0040 	addiu	sp,sp,64
40000968:	82020001 	lb	v0,1(s0)
4000096c:	1052002c 	beq	v0,s2,40000a20 <kprintf+0x16c>
40000970:	28430065 	slti	v1,v0,101
40000974:	10600009 	beqz	v1,4000099c <kprintf+0xe8>
40000978:	00000000 	nop
4000097c:	1051003c 	beq	v0,s1,40000a70 <kprintf+0x1bc>
40000980:	24030063 	li	v1,99
40000984:	10430034 	beq	v0,v1,40000a58 <kprintf+0x1a4>
40000988:	00000000 	nop
4000098c:	0c0000fe 	jal	400003f8 <putchar>
40000990:	2404003f 	li	a0,63
40000994:	08000244 	j	40000910 <kprintf+0x5c>
40000998:	26100002 	addiu	s0,s0,2
4000099c:	10530011 	beq	v0,s3,400009e4 <kprintf+0x130>
400009a0:	24030078 	li	v1,120
400009a4:	1443fff9 	bne	v0,v1,4000098c <kprintf+0xd8>
400009a8:	27d50004 	addiu	s5,s8,4
400009ac:	8fc40000 	lw	a0,0(s8)
400009b0:	14800033 	bnez	a0,40000a80 <kprintf+0x1cc>
400009b4:	26972a0c 	addiu	s7,s4,10764
400009b8:	82e40000 	lb	a0,0(s7)
400009bc:	1080fff5 	beqz	a0,40000994 <kprintf+0xe0>
400009c0:	02a0f021 	move	s8,s5
400009c4:	0c0000fe 	jal	400003f8 <putchar>
400009c8:	26f70001 	addiu	s7,s7,1
400009cc:	82e40000 	lb	a0,0(s7)
400009d0:	1480fffc 	bnez	a0,400009c4 <kprintf+0x110>
400009d4:	00000000 	nop
400009d8:	02a0f021 	move	s8,s5
400009dc:	08000244 	j	40000910 <kprintf+0x5c>
400009e0:	26100002 	addiu	s0,s0,2
400009e4:	8fd50000 	lw	s5,0(s8)
400009e8:	12a0002d 	beqz	s5,40000aa0 <kprintf+0x1ec>
400009ec:	27d70004 	addiu	s7,s8,4
400009f0:	82a40000 	lb	a0,0(s5)
400009f4:	1080ffe7 	beqz	a0,40000994 <kprintf+0xe0>
400009f8:	02e0f021 	move	s8,s7
400009fc:	26b50001 	addiu	s5,s5,1
40000a00:	0c0000fe 	jal	400003f8 <putchar>
40000a04:	26b50001 	addiu	s5,s5,1
40000a08:	82a4ffff 	lb	a0,-1(s5)
40000a0c:	1480fffc 	bnez	a0,40000a00 <kprintf+0x14c>
40000a10:	00000000 	nop
40000a14:	02e0f021 	move	s8,s7
40000a18:	08000244 	j	40000910 <kprintf+0x5c>
40000a1c:	26100002 	addiu	s0,s0,2
40000a20:	8fc40000 	lw	a0,0(s8)
40000a24:	27d50004 	addiu	s5,s8,4
40000a28:	14800019 	bnez	a0,40000a90 <kprintf+0x1dc>
40000a2c:	26972a0c 	addiu	s7,s4,10764
40000a30:	82e40000 	lb	a0,0(s7)
40000a34:	1080ffd7 	beqz	a0,40000994 <kprintf+0xe0>
40000a38:	02a0f021 	move	s8,s5
40000a3c:	0c0000fe 	jal	400003f8 <putchar>
40000a40:	26f70001 	addiu	s7,s7,1
40000a44:	82e40000 	lb	a0,0(s7)
40000a48:	1480fffc 	bnez	a0,40000a3c <kprintf+0x188>
40000a4c:	00000000 	nop
40000a50:	08000277 	j	400009dc <kprintf+0x128>
40000a54:	02a0f021 	move	s8,s5
40000a58:	83c40003 	lb	a0,3(s8)
40000a5c:	26100002 	addiu	s0,s0,2
40000a60:	0c0000fe 	jal	400003f8 <putchar>
40000a64:	27de0004 	addiu	s8,s8,4
40000a68:	08000245 	j	40000914 <kprintf+0x60>
40000a6c:	82040000 	lb	a0,0(s0)
40000a70:	0c0000fe 	jal	400003f8 <putchar>
40000a74:	24040025 	li	a0,37
40000a78:	08000244 	j	40000910 <kprintf+0x5c>
40000a7c:	26100002 	addiu	s0,s0,2
40000a80:	0c0001c8 	jal	40000720 <kitoa.part.0>
40000a84:	24050010 	li	a1,16
40000a88:	0800026e 	j	400009b8 <kprintf+0x104>
40000a8c:	0040b821 	move	s7,v0
40000a90:	0c0001c8 	jal	40000720 <kitoa.part.0>
40000a94:	2405000a 	li	a1,10
40000a98:	0800028c 	j	40000a30 <kprintf+0x17c>
40000a9c:	0040b821 	move	s7,v0
40000aa0:	0800027c 	j	400009f0 <kprintf+0x13c>
40000aa4:	26d52a10 	addiu	s5,s6,10768

40000aa8 <dprintf>:
40000aa8:	27bdffc0 	addiu	sp,sp,-64
40000aac:	afb00018 	sw	s0,24(sp)
40000ab0:	00808021 	move	s0,a0
40000ab4:	00002021 	move	a0,zero
40000ab8:	afbe0038 	sw	s8,56(sp)
40000abc:	afb60030 	sw	s6,48(sp)
40000ac0:	afb40028 	sw	s4,40(sp)
40000ac4:	afb30024 	sw	s3,36(sp)
40000ac8:	afb20020 	sw	s2,32(sp)
40000acc:	afb1001c 	sw	s1,28(sp)
40000ad0:	afbf003c 	sw	ra,60(sp)
40000ad4:	afb70034 	sw	s7,52(sp)
40000ad8:	afb5002c 	sw	s5,44(sp)
40000adc:	afa50044 	sw	a1,68(sp)
40000ae0:	afa60048 	sw	a2,72(sp)
40000ae4:	afa7004c 	sw	a3,76(sp)
40000ae8:	0c000082 	jal	40000208 <_interrupt_set>
40000aec:	27be0044 	addiu	s8,sp,68
40000af0:	afa20010 	sw	v0,16(sp)
40000af4:	afbe0014 	sw	s8,20(sp)
40000af8:	24110025 	li	s1,37
40000afc:	24120064 	li	s2,100
40000b00:	3c144000 	lui	s4,0x4000
40000b04:	24130073 	li	s3,115
40000b08:	3c164000 	lui	s6,0x4000
40000b0c:	82040000 	lb	a0,0(s0)
40000b10:	10800008 	beqz	a0,40000b34 <dprintf+0x8c>
40000b14:	00000000 	nop
40000b18:	10910016 	beq	a0,s1,40000b74 <dprintf+0xcc>
40000b1c:	00000000 	nop
40000b20:	0c000106 	jal	40000418 <dputchar>
40000b24:	26100001 	addiu	s0,s0,1
40000b28:	82040000 	lb	a0,0(s0)
40000b2c:	1480fffa 	bnez	a0,40000b18 <dprintf+0x70>
40000b30:	00000000 	nop
40000b34:	8fa40010 	lw	a0,16(sp)
40000b38:	0c000082 	jal	40000208 <_interrupt_set>
40000b3c:	00000000 	nop
40000b40:	8fbf003c 	lw	ra,60(sp)
40000b44:	00001021 	move	v0,zero
40000b48:	8fbe0038 	lw	s8,56(sp)
40000b4c:	8fb70034 	lw	s7,52(sp)
40000b50:	8fb60030 	lw	s6,48(sp)
40000b54:	8fb5002c 	lw	s5,44(sp)
40000b58:	8fb40028 	lw	s4,40(sp)
40000b5c:	8fb30024 	lw	s3,36(sp)
40000b60:	8fb20020 	lw	s2,32(sp)
40000b64:	8fb1001c 	lw	s1,28(sp)
40000b68:	8fb00018 	lw	s0,24(sp)
40000b6c:	03e00008 	jr	ra
40000b70:	27bd0040 	addiu	sp,sp,64
40000b74:	82020001 	lb	v0,1(s0)
40000b78:	1052002c 	beq	v0,s2,40000c2c <dprintf+0x184>
40000b7c:	28430065 	slti	v1,v0,101
40000b80:	10600009 	beqz	v1,40000ba8 <dprintf+0x100>
40000b84:	00000000 	nop
40000b88:	1051003c 	beq	v0,s1,40000c7c <dprintf+0x1d4>
40000b8c:	24030063 	li	v1,99
40000b90:	10430034 	beq	v0,v1,40000c64 <dprintf+0x1bc>
40000b94:	00000000 	nop
40000b98:	0c000106 	jal	40000418 <dputchar>
40000b9c:	2404003f 	li	a0,63
40000ba0:	080002c3 	j	40000b0c <dprintf+0x64>
40000ba4:	26100002 	addiu	s0,s0,2
40000ba8:	10530011 	beq	v0,s3,40000bf0 <dprintf+0x148>
40000bac:	24030078 	li	v1,120
40000bb0:	1443fff9 	bne	v0,v1,40000b98 <dprintf+0xf0>
40000bb4:	27d50004 	addiu	s5,s8,4
40000bb8:	8fc40000 	lw	a0,0(s8)
40000bbc:	14800033 	bnez	a0,40000c8c <dprintf+0x1e4>
40000bc0:	26972a0c 	addiu	s7,s4,10764
40000bc4:	82e40000 	lb	a0,0(s7)
40000bc8:	1080fff5 	beqz	a0,40000ba0 <dprintf+0xf8>
40000bcc:	02a0f021 	move	s8,s5
40000bd0:	0c000106 	jal	40000418 <dputchar>
40000bd4:	26f70001 	addiu	s7,s7,1
40000bd8:	82e40000 	lb	a0,0(s7)
40000bdc:	1480fffc 	bnez	a0,40000bd0 <dprintf+0x128>
40000be0:	00000000 	nop
40000be4:	02a0f021 	move	s8,s5
40000be8:	080002c3 	j	40000b0c <dprintf+0x64>
40000bec:	26100002 	addiu	s0,s0,2
40000bf0:	8fd50000 	lw	s5,0(s8)
40000bf4:	12a0002d 	beqz	s5,40000cac <dprintf+0x204>
40000bf8:	27d70004 	addiu	s7,s8,4
40000bfc:	82a40000 	lb	a0,0(s5)
40000c00:	1080ffe7 	beqz	a0,40000ba0 <dprintf+0xf8>
40000c04:	02e0f021 	move	s8,s7
40000c08:	26b50001 	addiu	s5,s5,1
40000c0c:	0c000106 	jal	40000418 <dputchar>
40000c10:	26b50001 	addiu	s5,s5,1
40000c14:	82a4ffff 	lb	a0,-1(s5)
40000c18:	1480fffc 	bnez	a0,40000c0c <dprintf+0x164>
40000c1c:	00000000 	nop
40000c20:	02e0f021 	move	s8,s7
40000c24:	080002c3 	j	40000b0c <dprintf+0x64>
40000c28:	26100002 	addiu	s0,s0,2
40000c2c:	8fc40000 	lw	a0,0(s8)
40000c30:	27d50004 	addiu	s5,s8,4
40000c34:	14800019 	bnez	a0,40000c9c <dprintf+0x1f4>
40000c38:	26972a0c 	addiu	s7,s4,10764
40000c3c:	82e40000 	lb	a0,0(s7)
40000c40:	1080ffd7 	beqz	a0,40000ba0 <dprintf+0xf8>
40000c44:	02a0f021 	move	s8,s5
40000c48:	0c000106 	jal	40000418 <dputchar>
40000c4c:	26f70001 	addiu	s7,s7,1
40000c50:	82e40000 	lb	a0,0(s7)
40000c54:	1480fffc 	bnez	a0,40000c48 <dprintf+0x1a0>
40000c58:	00000000 	nop
40000c5c:	080002fa 	j	40000be8 <dprintf+0x140>
40000c60:	02a0f021 	move	s8,s5
40000c64:	83c40003 	lb	a0,3(s8)
40000c68:	26100002 	addiu	s0,s0,2
40000c6c:	0c0000fe 	jal	400003f8 <putchar>
40000c70:	27de0004 	addiu	s8,s8,4
40000c74:	080002c4 	j	40000b10 <dprintf+0x68>
40000c78:	82040000 	lb	a0,0(s0)
40000c7c:	0c000106 	jal	40000418 <dputchar>
40000c80:	24040025 	li	a0,37
40000c84:	080002c3 	j	40000b0c <dprintf+0x64>
40000c88:	26100002 	addiu	s0,s0,2
40000c8c:	0c0001c8 	jal	40000720 <kitoa.part.0>
40000c90:	24050010 	li	a1,16
40000c94:	080002f1 	j	40000bc4 <dprintf+0x11c>
40000c98:	0040b821 	move	s7,v0
40000c9c:	0c0001c8 	jal	40000720 <kitoa.part.0>
40000ca0:	2405000a 	li	a1,10
40000ca4:	0800030f 	j	40000c3c <dprintf+0x194>
40000ca8:	0040b821 	move	s7,v0
40000cac:	080002ff 	j	40000bfc <dprintf+0x154>
40000cb0:	26d52a10 	addiu	s5,s6,10768

40000cb4 <printchar>:
40000cb4:	10800007 	beqz	a0,40000cd4 <printchar+0x20>
40000cb8:	00000000 	nop
40000cbc:	8c820000 	lw	v0,0(a0)
40000cc0:	a0450000 	sb	a1,0(v0)
40000cc4:	8c820000 	lw	v0,0(a0)
40000cc8:	24420001 	addiu	v0,v0,1
40000ccc:	03e00008 	jr	ra
40000cd0:	ac820000 	sw	v0,0(a0)
40000cd4:	14a00003 	bnez	a1,40000ce4 <printchar+0x30>
40000cd8:	00000000 	nop
40000cdc:	03e00008 	jr	ra
40000ce0:	00000000 	nop
40000ce4:	080000fe 	j	400003f8 <putchar>
40000ce8:	00a02021 	move	a0,a1

40000cec <vsprintf>:
40000cec:	27bdffb8 	addiu	sp,sp,-72
40000cf0:	afb20028 	sw	s2,40(sp)
40000cf4:	afb00020 	sw	s0,32(sp)
40000cf8:	afbf0044 	sw	ra,68(sp)
40000cfc:	afbe0040 	sw	s8,64(sp)
40000d00:	afb7003c 	sw	s7,60(sp)
40000d04:	afb60038 	sw	s6,56(sp)
40000d08:	afb50034 	sw	s5,52(sp)
40000d0c:	afb40030 	sw	s4,48(sp)
40000d10:	afb3002c 	sw	s3,44(sp)
40000d14:	afb10024 	sw	s1,36(sp)
40000d18:	00a09021 	move	s2,a1
40000d1c:	80a50000 	lb	a1,0(a1)
40000d20:	00808021 	move	s0,a0
40000d24:	14a00008 	bnez	a1,40000d48 <vsprintf+0x5c>
40000d28:	afa60050 	sw	a2,80(sp)
40000d2c:	0800039e 	j	40000e78 <vsprintf+0x18c>
40000d30:	02002021 	move	a0,s0
40000d34:	0c00032d 	jal	40000cb4 <printchar>
40000d38:	02002021 	move	a0,s0
40000d3c:	82450001 	lb	a1,1(s2)
40000d40:	10a0004c 	beqz	a1,40000e74 <vsprintf+0x188>
40000d44:	26520001 	addiu	s2,s2,1
40000d48:	24020025 	li	v0,37
40000d4c:	14a2fff9 	bne	a1,v0,40000d34 <vsprintf+0x48>
40000d50:	24030030 	li	v1,48
40000d54:	82420001 	lb	v0,1(s2)
40000d58:	104300a0 	beq	v0,v1,40000fdc <vsprintf+0x2f0>
40000d5c:	24170030 	li	s7,48
40000d60:	26520001 	addiu	s2,s2,1
40000d64:	24170020 	li	s7,32
40000d68:	2443ffd0 	addiu	v1,v0,-48
40000d6c:	306300ff 	andi	v1,v1,0xff
40000d70:	2c63000a 	sltiu	v1,v1,10
40000d74:	1060000d 	beqz	v1,40000dac <vsprintf+0xc0>
40000d78:	2411ffff 	li	s1,-1
40000d7c:	00008821 	move	s1,zero
40000d80:	00111840 	sll	v1,s1,0x1
40000d84:	001188c0 	sll	s1,s1,0x3
40000d88:	00718821 	addu	s1,v1,s1
40000d8c:	26520001 	addiu	s2,s2,1
40000d90:	02228821 	addu	s1,s1,v0
40000d94:	82420000 	lb	v0,0(s2)
40000d98:	2443ffd0 	addiu	v1,v0,-48
40000d9c:	306300ff 	andi	v1,v1,0xff
40000da0:	2c63000a 	sltiu	v1,v1,10
40000da4:	1460fff6 	bnez	v1,40000d80 <vsprintf+0x94>
40000da8:	2631ffd0 	addiu	s1,s1,-48
40000dac:	2403006c 	li	v1,108
40000db0:	10430087 	beq	v0,v1,40000fd0 <vsprintf+0x2e4>
40000db4:	00000000 	nop
40000db8:	2442ffa8 	addiu	v0,v0,-88
40000dbc:	304200ff 	andi	v0,v0,0xff
40000dc0:	2c430021 	sltiu	v1,v0,33
40000dc4:	1060ffdd 	beqz	v1,40000d3c <vsprintf+0x50>
40000dc8:	3c034000 	lui	v1,0x4000
40000dcc:	00021080 	sll	v0,v0,0x2
40000dd0:	24632a7c 	addiu	v1,v1,10876
40000dd4:	00621021 	addu	v0,v1,v0
40000dd8:	8c420000 	lw	v0,0(v0)
40000ddc:	00400008 	jr	v0
40000de0:	00000000 	nop
40000de4:	2416000a 	li	s6,10
40000de8:	8fa30050 	lw	v1,80(sp)
40000dec:	8c740000 	lw	s4,0(v1)
40000df0:	24730004 	addiu	s3,v1,4
40000df4:	1680007c 	bnez	s4,40000fe8 <vsprintf+0x2fc>
40000df8:	24020030 	li	v0,48
40000dfc:	afb30050 	sw	s3,80(sp)
40000e00:	a3a20010 	sb	v0,16(sp)
40000e04:	0000a821 	move	s5,zero
40000e08:	24130001 	li	s3,1
40000e0c:	27be0010 	addiu	s8,sp,16
40000e10:	02339823 	subu	s3,s1,s3
40000e14:	1a60000b 	blez	s3,40000e44 <vsprintf+0x158>
40000e18:	24020001 	li	v0,1
40000e1c:	2673ffff 	addiu	s3,s3,-1
40000e20:	2414ffff 	li	s4,-1
40000e24:	2673ffff 	addiu	s3,s3,-1
40000e28:	02002021 	move	a0,s0
40000e2c:	0c00032d 	jal	40000cb4 <printchar>
40000e30:	02e02821 	move	a1,s7
40000e34:	1674fffc 	bne	s3,s4,40000e28 <vsprintf+0x13c>
40000e38:	2673ffff 	addiu	s3,s3,-1
40000e3c:	26730001 	addiu	s3,s3,1
40000e40:	24020001 	li	v0,1
40000e44:	03d58821 	addu	s1,s8,s5
40000e48:	005ef023 	subu	s8,v0,s8
40000e4c:	82250000 	lb	a1,0(s1)
40000e50:	02002021 	move	a0,s0
40000e54:	0c00032d 	jal	40000cb4 <printchar>
40000e58:	2631ffff 	addiu	s1,s1,-1
40000e5c:	03d11021 	addu	v0,s8,s1
40000e60:	1c40fffa 	bgtz	v0,40000e4c <vsprintf+0x160>
40000e64:	00000000 	nop
40000e68:	82450001 	lb	a1,1(s2)
40000e6c:	14a0ffb6 	bnez	a1,40000d48 <vsprintf+0x5c>
40000e70:	26520001 	addiu	s2,s2,1
40000e74:	02002021 	move	a0,s0
40000e78:	0c00032d 	jal	40000cb4 <printchar>
40000e7c:	00002821 	move	a1,zero
40000e80:	8fbf0044 	lw	ra,68(sp)
40000e84:	00001021 	move	v0,zero
40000e88:	8fbe0040 	lw	s8,64(sp)
40000e8c:	8fb7003c 	lw	s7,60(sp)
40000e90:	8fb60038 	lw	s6,56(sp)
40000e94:	8fb50034 	lw	s5,52(sp)
40000e98:	8fb40030 	lw	s4,48(sp)
40000e9c:	8fb3002c 	lw	s3,44(sp)
40000ea0:	8fb20028 	lw	s2,40(sp)
40000ea4:	8fb10024 	lw	s1,36(sp)
40000ea8:	8fb00020 	lw	s0,32(sp)
40000eac:	03e00008 	jr	ra
40000eb0:	27bd0048 	addiu	sp,sp,72
40000eb4:	8fa30050 	lw	v1,80(sp)
40000eb8:	8c730000 	lw	s3,0(v1)
40000ebc:	1260004c 	beqz	s3,40000ff0 <vsprintf+0x304>
40000ec0:	24750004 	addiu	s5,v1,4
40000ec4:	82650000 	lb	a1,0(s3)
40000ec8:	10a0000c 	beqz	a1,40000efc <vsprintf+0x210>
40000ecc:	00000000 	nop
40000ed0:	12200014 	beqz	s1,40000f24 <vsprintf+0x238>
40000ed4:	00000000 	nop
40000ed8:	080003ba 	j	40000ee8 <vsprintf+0x1fc>
40000edc:	26730001 	addiu	s3,s3,1
40000ee0:	12200010 	beqz	s1,40000f24 <vsprintf+0x238>
40000ee4:	26730001 	addiu	s3,s3,1
40000ee8:	0c00032d 	jal	40000cb4 <printchar>
40000eec:	02002021 	move	a0,s0
40000ef0:	82650000 	lb	a1,0(s3)
40000ef4:	14a0fffa 	bnez	a1,40000ee0 <vsprintf+0x1f4>
40000ef8:	2631ffff 	addiu	s1,s1,-1
40000efc:	2633ffff 	addiu	s3,s1,-1
40000f00:	1a200008 	blez	s1,40000f24 <vsprintf+0x238>
40000f04:	2414ffff 	li	s4,-1
40000f08:	2673ffff 	addiu	s3,s3,-1
40000f0c:	02002021 	move	a0,s0
40000f10:	0c00032d 	jal	40000cb4 <printchar>
40000f14:	02e02821 	move	a1,s7
40000f18:	1674fffc 	bne	s3,s4,40000f0c <vsprintf+0x220>
40000f1c:	2673ffff 	addiu	s3,s3,-1
40000f20:	26730001 	addiu	s3,s3,1
40000f24:	0800034f 	j	40000d3c <vsprintf+0x50>
40000f28:	afb50050 	sw	s5,80(sp)
40000f2c:	8fa30050 	lw	v1,80(sp)
40000f30:	2416000a 	li	s6,10
40000f34:	8c740000 	lw	s4,0(v1)
40000f38:	0681ffae 	bgez	s4,40000df4 <vsprintf+0x108>
40000f3c:	24730004 	addiu	s3,v1,4
40000f40:	02002021 	move	a0,s0
40000f44:	0c00032d 	jal	40000cb4 <printchar>
40000f48:	2405002d 	li	a1,45
40000f4c:	0014a023 	negu	s4,s4
40000f50:	2631ffff 	addiu	s1,s1,-1
40000f54:	afb30050 	sw	s3,80(sp)
40000f58:	2416000a 	li	s6,10
40000f5c:	00009821 	move	s3,zero
40000f60:	27be0010 	addiu	s8,sp,16
40000f64:	02802021 	move	a0,s4
40000f68:	0280a821 	move	s5,s4
40000f6c:	0c000481 	jal	40001204 <__udivsi3>
40000f70:	02c02821 	move	a1,s6
40000f74:	02a02021 	move	a0,s5
40000f78:	02c02821 	move	a1,s6
40000f7c:	0c000483 	jal	4000120c <__umodsi3>
40000f80:	0040a021 	move	s4,v0
40000f84:	3c034000 	lui	v1,0x4000
40000f88:	246329f8 	addiu	v1,v1,10744
40000f8c:	00621021 	addu	v0,v1,v0
40000f90:	90430000 	lbu	v1,0(v0)
40000f94:	03d31021 	addu	v0,s8,s3
40000f98:	26730001 	addiu	s3,s3,1
40000f9c:	1680fff1 	bnez	s4,40000f64 <vsprintf+0x278>
40000fa0:	a0430000 	sb	v1,0(v0)
40000fa4:	08000384 	j	40000e10 <vsprintf+0x124>
40000fa8:	2675ffff 	addiu	s5,s3,-1
40000fac:	8fa30050 	lw	v1,80(sp)
40000fb0:	02002021 	move	a0,s0
40000fb4:	80650003 	lb	a1,3(v1)
40000fb8:	0c00032d 	jal	40000cb4 <printchar>
40000fbc:	24710004 	addiu	s1,v1,4
40000fc0:	0800034f 	j	40000d3c <vsprintf+0x50>
40000fc4:	afb10050 	sw	s1,80(sp)
40000fc8:	0800037a 	j	40000de8 <vsprintf+0xfc>
40000fcc:	24160010 	li	s6,16
40000fd0:	82420001 	lb	v0,1(s2)
40000fd4:	0800036e 	j	40000db8 <vsprintf+0xcc>
40000fd8:	26520001 	addiu	s2,s2,1
40000fdc:	82420002 	lb	v0,2(s2)
40000fe0:	0800035a 	j	40000d68 <vsprintf+0x7c>
40000fe4:	26520002 	addiu	s2,s2,2
40000fe8:	080003d7 	j	40000f5c <vsprintf+0x270>
40000fec:	afb30050 	sw	s3,80(sp)
40000ff0:	3c024000 	lui	v0,0x4000
40000ff4:	080003b1 	j	40000ec4 <vsprintf+0x1d8>
40000ff8:	24532a18 	addiu	s3,v0,10776

40000ffc <strncpy>:
40000ffc:	18c0000e 	blez	a2,40001038 <strncpy+0x3c>
40001000:	00801021 	move	v0,a0
40001004:	80a40000 	lb	a0,0(a1)
40001008:	24430001 	addiu	v1,v0,1
4000100c:	10800017 	beqz	a0,4000106c <strncpy+0x70>
40001010:	a0440000 	sb	a0,0(v0)
40001014:	0800040b 	j	4000102c <strncpy+0x30>
40001018:	00002021 	move	a0,zero
4000101c:	80e70000 	lb	a3,0(a3)
40001020:	a0670000 	sb	a3,0(v1)
40001024:	10e00006 	beqz	a3,40001040 <strncpy+0x44>
40001028:	24630001 	addiu	v1,v1,1
4000102c:	24840001 	addiu	a0,a0,1
40001030:	1486fffa 	bne	a0,a2,4000101c <strncpy+0x20>
40001034:	00a43821 	addu	a3,a1,a0
40001038:	03e00008 	jr	ra
4000103c:	00000000 	nop
40001040:	24840001 	addiu	a0,a0,1
40001044:	0086282a 	slt	a1,a0,a2
40001048:	10a0fffb 	beqz	a1,40001038 <strncpy+0x3c>
4000104c:	00663021 	addu	a2,v1,a2
40001050:	00c42023 	subu	a0,a2,a0
40001054:	a0600000 	sb	zero,0(v1)
40001058:	24630001 	addiu	v1,v1,1
4000105c:	1464fffd 	bne	v1,a0,40001054 <strncpy+0x58>
40001060:	00000000 	nop
40001064:	03e00008 	jr	ra
40001068:	00000000 	nop
4000106c:	08000411 	j	40001044 <strncpy+0x48>
40001070:	24040001 	li	a0,1

40001074 <memset>:
40001074:	10c00007 	beqz	a2,40001094 <memset+0x20>
40001078:	00801021 	move	v0,a0
4000107c:	30a500ff 	andi	a1,a1,0xff
40001080:	00801821 	move	v1,a0
40001084:	24c6ffff 	addiu	a2,a2,-1
40001088:	a0650000 	sb	a1,0(v1)
4000108c:	14c0fffd 	bnez	a2,40001084 <memset+0x10>
40001090:	24630001 	addiu	v1,v1,1
40001094:	03e00008 	jr	ra
40001098:	00000000 	nop

4000109c <printf>:
4000109c:	27bdffe0 	addiu	sp,sp,-32
400010a0:	27a20024 	addiu	v0,sp,36
400010a4:	00801821 	move	v1,a0
400010a8:	afa50024 	sw	a1,36(sp)
400010ac:	afa60028 	sw	a2,40(sp)
400010b0:	00002021 	move	a0,zero
400010b4:	00602821 	move	a1,v1
400010b8:	00403021 	move	a2,v0
400010bc:	afbf001c 	sw	ra,28(sp)
400010c0:	afa7002c 	sw	a3,44(sp)
400010c4:	0c00033b 	jal	40000cec <vsprintf>
400010c8:	afa20010 	sw	v0,16(sp)
400010cc:	8fbf001c 	lw	ra,28(sp)
400010d0:	03e00008 	jr	ra
400010d4:	27bd0020 	addiu	sp,sp,32

400010d8 <__udivmodsi4>:
400010d8:	00a4182b 	sltu	v1,a1,a0
400010dc:	1060001e 	beqz	v1,40001158 <__udivmodsi4+0x80>
400010e0:	00801021 	move	v0,a0
400010e4:	04a0001c 	bltz	a1,40001158 <__udivmodsi4+0x80>
400010e8:	24040020 	li	a0,32
400010ec:	08000441 	j	40001104 <__udivmodsi4+0x2c>
400010f0:	24030001 	li	v1,1
400010f4:	10800013 	beqz	a0,40001144 <__udivmodsi4+0x6c>
400010f8:	00003821 	move	a3,zero
400010fc:	04a00009 	bltz	a1,40001124 <__udivmodsi4+0x4c>
40001100:	00000000 	nop
40001104:	00052840 	sll	a1,a1,0x1
40001108:	00a2382b 	sltu	a3,a1,v0
4000110c:	2484ffff 	addiu	a0,a0,-1
40001110:	14e0fff8 	bnez	a3,400010f4 <__udivmodsi4+0x1c>
40001114:	00031840 	sll	v1,v1,0x1
40001118:	1060000a 	beqz	v1,40001144 <__udivmodsi4+0x6c>
4000111c:	00003821 	move	a3,zero
40001120:	00003821 	move	a3,zero
40001124:	0045202b 	sltu	a0,v0,a1
40001128:	14800003 	bnez	a0,40001138 <__udivmodsi4+0x60>
4000112c:	00000000 	nop
40001130:	00451023 	subu	v0,v0,a1
40001134:	00e33825 	or	a3,a3,v1
40001138:	00031842 	srl	v1,v1,0x1
4000113c:	1460fff9 	bnez	v1,40001124 <__udivmodsi4+0x4c>
40001140:	00052842 	srl	a1,a1,0x1
40001144:	14c00002 	bnez	a2,40001150 <__udivmodsi4+0x78>
40001148:	00000000 	nop
4000114c:	00e01021 	move	v0,a3
40001150:	03e00008 	jr	ra
40001154:	00000000 	nop
40001158:	08000448 	j	40001120 <__udivmodsi4+0x48>
4000115c:	24030001 	li	v1,1

40001160 <__divsi3>:
40001160:	27bdffe8 	addiu	sp,sp,-24
40001164:	afb00010 	sw	s0,16(sp)
40001168:	afbf0014 	sw	ra,20(sp)
4000116c:	0480000b 	bltz	a0,4000119c <__divsi3+0x3c>
40001170:	00008021 	move	s0,zero
40001174:	04a0000c 	bltz	a1,400011a8 <__divsi3+0x48>
40001178:	00000000 	nop
4000117c:	0c000436 	jal	400010d8 <__udivmodsi4>
40001180:	00003021 	move	a2,zero
40001184:	12000002 	beqz	s0,40001190 <__divsi3+0x30>
40001188:	8fbf0014 	lw	ra,20(sp)
4000118c:	00021023 	negu	v0,v0
40001190:	8fb00010 	lw	s0,16(sp)
40001194:	03e00008 	jr	ra
40001198:	27bd0018 	addiu	sp,sp,24
4000119c:	00042023 	negu	a0,a0
400011a0:	04a1fff6 	bgez	a1,4000117c <__divsi3+0x1c>
400011a4:	24100001 	li	s0,1
400011a8:	00052823 	negu	a1,a1
400011ac:	0800045f 	j	4000117c <__divsi3+0x1c>
400011b0:	3a100001 	xori	s0,s0,0x1

400011b4 <__modsi3>:
400011b4:	27bdffe8 	addiu	sp,sp,-24
400011b8:	04800008 	bltz	a0,400011dc <__modsi3+0x28>
400011bc:	afbf0014 	sw	ra,20(sp)
400011c0:	000517c3 	sra	v0,a1,0x1f
400011c4:	00452826 	xor	a1,v0,a1
400011c8:	8fbf0014 	lw	ra,20(sp)
400011cc:	00a22823 	subu	a1,a1,v0
400011d0:	24060001 	li	a2,1
400011d4:	08000436 	j	400010d8 <__udivmodsi4>
400011d8:	27bd0018 	addiu	sp,sp,24
400011dc:	00051fc3 	sra	v1,a1,0x1f
400011e0:	00652826 	xor	a1,v1,a1
400011e4:	00042023 	negu	a0,a0
400011e8:	00a32823 	subu	a1,a1,v1
400011ec:	0c000436 	jal	400010d8 <__udivmodsi4>
400011f0:	24060001 	li	a2,1
400011f4:	8fbf0014 	lw	ra,20(sp)
400011f8:	00021023 	negu	v0,v0
400011fc:	03e00008 	jr	ra
40001200:	27bd0018 	addiu	sp,sp,24

40001204 <__udivsi3>:
40001204:	08000436 	j	400010d8 <__udivmodsi4>
40001208:	00003021 	move	a2,zero

4000120c <__umodsi3>:
4000120c:	08000436 	j	400010d8 <__udivmodsi4>
40001210:	24060001 	li	a2,1

40001214 <__udivmoddi4>:
40001214:	27bdffe0 	addiu	sp,sp,-32
40001218:	00c71025 	or	v0,a2,a3
4000121c:	afbf001c 	sw	ra,28(sp)
40001220:	afb10018 	sw	s1,24(sp)
40001224:	afb00014 	sw	s0,20(sp)
40001228:	10400039 	beqz	v0,40001310 <__udivmoddi4+0xfc>
4000122c:	8fb80030 	lw	t8,48(sp)
40001230:	24030001 	li	v1,1
40001234:	04c0000e 	bltz	a2,40001270 <__udivmoddi4+0x5c>
40001238:	00001021 	move	v0,zero
4000123c:	00075fc2 	srl	t3,a3,0x1f
40001240:	00063040 	sll	a2,a2,0x1
40001244:	000357c2 	srl	t2,v1,0x1f
40001248:	00024840 	sll	t1,v0,0x1
4000124c:	00034040 	sll	t0,v1,0x1
40001250:	01663025 	or	a2,t3,a2
40001254:	01491025 	or	v0,t2,t1
40001258:	00073840 	sll	a3,a3,0x1
4000125c:	04c1fff7 	bgez	a2,4000123c <__udivmoddi4+0x28>
40001260:	01001821 	move	v1,t0
40001264:	01024025 	or	t0,t0,v0
40001268:	11000035 	beqz	t0,40001340 <__udivmoddi4+0x12c>
4000126c:	00004821 	move	t1,zero
40001270:	00004821 	move	t1,zero
40001274:	00004021 	move	t0,zero
40001278:	0086782b 	sltu	t7,a0,a2
4000127c:	00027042 	srl	t6,v0,0x1
40001280:	00026fc0 	sll	t5,v0,0x1f
40001284:	00035042 	srl	t2,v1,0x1
40001288:	000667c0 	sll	t4,a2,0x1f
4000128c:	15e0000f 	bnez	t7,400012cc <__udivmoddi4+0xb8>
40001290:	00075842 	srl	t3,a3,0x1
40001294:	00a77823 	subu	t7,a1,a3
40001298:	01231821 	addu	v1,t1,v1
4000129c:	01021021 	addu	v0,t0,v0
400012a0:	0069882b 	sltu	s1,v1,t1
400012a4:	00afc82b 	sltu	t9,a1,t7
400012a8:	00868023 	subu	s0,a0,a2
400012ac:	14c40003 	bne	a2,a0,400012bc <__udivmoddi4+0xa8>
400012b0:	00a7382b 	sltu	a3,a1,a3
400012b4:	14e00005 	bnez	a3,400012cc <__udivmoddi4+0xb8>
400012b8:	00000000 	nop
400012bc:	02224021 	addu	t0,s1,v0
400012c0:	02192023 	subu	a0,s0,t9
400012c4:	01e02821 	move	a1,t7
400012c8:	00604821 	move	t1,v1
400012cc:	01aa1825 	or	v1,t5,t2
400012d0:	01c35025 	or	t2,t6,v1
400012d4:	01c01021 	move	v0,t6
400012d8:	00063042 	srl	a2,a2,0x1
400012dc:	1540ffe6 	bnez	t2,40001278 <__udivmoddi4+0x64>
400012e0:	018b3825 	or	a3,t4,t3
400012e4:	13000004 	beqz	t8,400012f8 <__udivmoddi4+0xe4>
400012e8:	8fbf001c 	lw	ra,28(sp)
400012ec:	af040000 	sw	a0,0(t8)
400012f0:	af050004 	sw	a1,4(t8)
400012f4:	8fbf001c 	lw	ra,28(sp)
400012f8:	01001021 	move	v0,t0
400012fc:	01201821 	move	v1,t1
40001300:	8fb10018 	lw	s1,24(sp)
40001304:	8fb00014 	lw	s0,20(sp)
40001308:	03e00008 	jr	ra
4000130c:	27bd0020 	addiu	sp,sp,32
40001310:	24040001 	li	a0,1
40001314:	0c000481 	jal	40001204 <__udivsi3>
40001318:	00002821 	move	a1,zero
4000131c:	8fbf001c 	lw	ra,28(sp)
40001320:	00404821 	move	t1,v0
40001324:	00004021 	move	t0,zero
40001328:	01001021 	move	v0,t0
4000132c:	01201821 	move	v1,t1
40001330:	8fb10018 	lw	s1,24(sp)
40001334:	8fb00014 	lw	s0,20(sp)
40001338:	03e00008 	jr	ra
4000133c:	27bd0020 	addiu	sp,sp,32
40001340:	080004b9 	j	400012e4 <__udivmoddi4+0xd0>
40001344:	00004021 	move	t0,zero

40001348 <__udivdi3>:
40001348:	27bdffe0 	addiu	sp,sp,-32
4000134c:	afbf001c 	sw	ra,28(sp)
40001350:	0c000485 	jal	40001214 <__udivmoddi4>
40001354:	afa00010 	sw	zero,16(sp)
40001358:	8fbf001c 	lw	ra,28(sp)
4000135c:	03e00008 	jr	ra
40001360:	27bd0020 	addiu	sp,sp,32

40001364 <idletask>:
40001364:	3c024008 	lui	v0,0x4008
40001368:	8c45e5e4 	lw	a1,-6684(v0)
4000136c:	3c044000 	lui	a0,0x4000
40001370:	27bdffe8 	addiu	sp,sp,-24
40001374:	afbf0014 	sw	ra,20(sp)
40001378:	0c00022d 	jal	400008b4 <kprintf>
4000137c:	24842b00 	addiu	a0,a0,11008
40001380:	3c044000 	lui	a0,0x4000
40001384:	0c00022d 	jal	400008b4 <kprintf>
40001388:	24842b20 	addiu	a0,a0,11040
4000138c:	0c0006a6 	jal	40001a98 <hf_schedlock>
40001390:	00002021 	move	a0,zero
40001394:	0c000159 	jal	40000564 <_cpu_idle>
40001398:	00000000 	nop
4000139c:	0c000159 	jal	40000564 <_cpu_idle>
400013a0:	00000000 	nop
400013a4:	080004e5 	j	40001394 <idletask+0x30>
400013a8:	00000000 	nop

400013ac <main>:
400013ac:	27bdffd0 	addiu	sp,sp,-48
400013b0:	afbf002c 	sw	ra,44(sp)
400013b4:	afb40028 	sw	s4,40(sp)
400013b8:	afb30024 	sw	s3,36(sp)
400013bc:	afb20020 	sw	s2,32(sp)
400013c0:	afb1001c 	sw	s1,28(sp)
400013c4:	0c00010a 	jal	40000428 <_hardware_init>
400013c8:	afb00018 	sw	s0,24(sp)
400013cc:	0c0006a6 	jal	40001a98 <hf_schedlock>
400013d0:	24040001 	li	a0,1
400013d4:	0c000082 	jal	40000208 <_interrupt_set>
400013d8:	00002021 	move	a0,zero
400013dc:	3c044000 	lui	a0,0x4000
400013e0:	0c00022d 	jal	400008b4 <kprintf>
400013e4:	24842b3c 	addiu	a0,a0,11068
400013e8:	3c024000 	lui	v0,0x4000
400013ec:	8c44320c 	lw	a0,12812(v0)
400013f0:	3c03baad 	lui	v1,0xbaad
400013f4:	3463d00d 	ori	v1,v1,0xd00d
400013f8:	1083000c 	beq	a0,v1,4000142c <main+0x80>
400013fc:	3c044000 	lui	a0,0x4000
40001400:	0c00063d 	jal	400018f4 <panic>
40001404:	24040001 	li	a0,1
40001408:	8fbf002c 	lw	ra,44(sp)
4000140c:	00001021 	move	v0,zero
40001410:	8fb40028 	lw	s4,40(sp)
40001414:	8fb30024 	lw	s3,36(sp)
40001418:	8fb20020 	lw	s2,32(sp)
4000141c:	8fb1001c 	lw	s1,28(sp)
40001420:	8fb00018 	lw	s0,24(sp)
40001424:	03e00008 	jr	ra
40001428:	27bd0030 	addiu	sp,sp,48
4000142c:	24842b50 	addiu	a0,a0,11088
40001430:	0c00022d 	jal	400008b4 <kprintf>
40001434:	ac40320c 	sw	zero,12812(v0)
40001438:	3c064000 	lui	a2,0x4000
4000143c:	3c074000 	lui	a3,0x4000
40001440:	3c054000 	lui	a1,0x4000
40001444:	3c044000 	lui	a0,0x4000
40001448:	3c024000 	lui	v0,0x4000
4000144c:	24c62bbc 	addiu	a2,a2,11196
40001450:	24e72bc4 	addiu	a3,a3,11204
40001454:	24a52bb0 	addiu	a1,a1,11184
40001458:	24842b90 	addiu	a0,a0,11152
4000145c:	24422bd0 	addiu	v0,v0,11216
40001460:	0c00022d 	jal	400008b4 <kprintf>
40001464:	afa20010 	sw	v0,16(sp)
40001468:	3c044000 	lui	a0,0x4000
4000146c:	0c00022d 	jal	400008b4 <kprintf>
40001470:	24842bdc 	addiu	a0,a0,11228
40001474:	3c044000 	lui	a0,0x4000
40001478:	0c00022d 	jal	400008b4 <kprintf>
4000147c:	24842c14 	addiu	a0,a0,11284
40001480:	3c044000 	lui	a0,0x4000
40001484:	3c054000 	lui	a1,0x4000
40001488:	24842c54 	addiu	a0,a0,11348
4000148c:	0c00022d 	jal	400008b4 <kprintf>
40001490:	24a52c68 	addiu	a1,a1,11368
40001494:	3c044000 	lui	a0,0x4000
40001498:	24842c78 	addiu	a0,a0,11384
4000149c:	0c00022d 	jal	400008b4 <kprintf>
400014a0:	240561a8 	li	a1,25000
400014a4:	3c044000 	lui	a0,0x4000
400014a8:	3c050007 	lui	a1,0x7
400014ac:	24842c90 	addiu	a0,a0,11408
400014b0:	0c00022d 	jal	400008b4 <kprintf>
400014b4:	34a5a120 	ori	a1,a1,0xa120
400014b8:	3c044000 	lui	a0,0x4000
400014bc:	24842cac 	addiu	a0,a0,11436
400014c0:	2405001e 	li	a1,30
400014c4:	0c00022d 	jal	400008b4 <kprintf>
400014c8:	3c144000 	lui	s4,0x4000
400014cc:	0c00010c 	jal	40000430 <_vm_init>
400014d0:	00008821 	move	s1,zero
400014d4:	269432cc 	addiu	s4,s4,13004
400014d8:	3c104008 	lui	s0,0x4008
400014dc:	2413ffff 	li	s3,-1
400014e0:	2412001e 	li	s2,30
400014e4:	00111880 	sll	v1,s1,0x2
400014e8:	00111100 	sll	v0,s1,0x4
400014ec:	00621021 	addu	v0,v1,v0
400014f0:	00511023 	subu	v0,v0,s1
400014f4:	000210c0 	sll	v0,v0,0x3
400014f8:	02821021 	addu	v0,s4,v0
400014fc:	24440002 	addiu	a0,v0,2
40001500:	00002821 	move	a1,zero
40001504:	24060014 	li	a2,20
40001508:	a4530000 	sh	s3,0(v0)
4000150c:	0c00041d 	jal	40001074 <memset>
40001510:	ae02e5d8 	sw	v0,-6696(s0)
40001514:	8e02e5d8 	lw	v0,-6696(s0)
40001518:	26310001 	addiu	s1,s1,1
4000151c:	a0400016 	sb	zero,22(v0)
40001520:	a0400017 	sb	zero,23(v0)
40001524:	a0400018 	sb	zero,24(v0)
40001528:	ac40001c 	sw	zero,28(v0)
4000152c:	ac400020 	sw	zero,32(v0)
40001530:	ac400024 	sw	zero,36(v0)
40001534:	ac400028 	sw	zero,40(v0)
40001538:	a440002c 	sh	zero,44(v0)
4000153c:	a440002e 	sh	zero,46(v0)
40001540:	a4400030 	sh	zero,48(v0)
40001544:	a4400032 	sh	zero,50(v0)
40001548:	a4400034 	sh	zero,52(v0)
4000154c:	ac400088 	sw	zero,136(v0)
40001550:	ac40008c 	sw	zero,140(v0)
40001554:	ac400090 	sw	zero,144(v0)
40001558:	1632ffe2 	bne	s1,s2,400014e4 <main+0x138>
4000155c:	ac400094 	sw	zero,148(v0)
40001560:	3c054008 	lui	a1,0x4008
40001564:	a4a0e5e0 	sh	zero,-6688(a1)
40001568:	3c054008 	lui	a1,0x4008
4000156c:	a4a0e5d4 	sh	zero,-6700(a1)
40001570:	3c054008 	lui	a1,0x4008
40001574:	a4a0e5f0 	sh	zero,-6672(a1)
40001578:	3c054000 	lui	a1,0x4000
4000157c:	3c034008 	lui	v1,0x4008
40001580:	24a522a0 	addiu	a1,a1,8864
40001584:	2462e5bc 	addiu	v0,v1,-6724
40001588:	ac65e5bc 	sw	a1,-6724(v1)
4000158c:	3c034000 	lui	v1,0x4000
40001590:	24632134 	addiu	v1,v1,8500
40001594:	ac430004 	sw	v1,4(v0)
40001598:	2404001e 	li	a0,30
4000159c:	ac400008 	sw	zero,8(v0)
400015a0:	ac40000c 	sw	zero,12(v0)
400015a4:	ac400010 	sw	zero,16(v0)
400015a8:	0c0006eb 	jal	40001bac <hf_queue_create>
400015ac:	ac400014 	sw	zero,20(v0)
400015b0:	3c034008 	lui	v1,0x4008
400015b4:	10400030 	beqz	v0,40001678 <main+0x2cc>
400015b8:	ac62e5e8 	sw	v0,-6680(v1)
400015bc:	0c0006eb 	jal	40001bac <hf_queue_create>
400015c0:	2404001e 	li	a0,30
400015c4:	3c034008 	lui	v1,0x4008
400015c8:	1040002f 	beqz	v0,40001688 <main+0x2dc>
400015cc:	ac62e5f4 	sw	v0,-6668(v1)
400015d0:	0c0006eb 	jal	40001bac <hf_queue_create>
400015d4:	2404001e 	li	a0,30
400015d8:	3c034008 	lui	v1,0x4008
400015dc:	10400022 	beqz	v0,40001668 <main+0x2bc>
400015e0:	ac62e5ec 	sw	v0,-6676(v1)
400015e4:	0c000118 	jal	40000460 <_sched_init>
400015e8:	00000000 	nop
400015ec:	0c00011b 	jal	4000046c <_timer_init>
400015f0:	00000000 	nop
400015f4:	0c00017f 	jal	400005fc <_timer_reset>
400015f8:	00000000 	nop
400015fc:	0c00012f 	jal	400004bc <_irq_init>
40001600:	00000000 	nop
40001604:	3c024000 	lui	v0,0x4000
40001608:	244231a0 	addiu	v0,v0,12704
4000160c:	3c044000 	lui	a0,0x4000
40001610:	00003021 	move	a2,zero
40001614:	00003821 	move	a3,zero
40001618:	24841364 	addiu	a0,a0,4964
4000161c:	00002821 	move	a1,zero
40001620:	afa20010 	sw	v0,16(sp)
40001624:	24020400 	li	v0,1024
40001628:	0c000987 	jal	4000261c <hf_spawn>
4000162c:	afa20014 	sw	v0,20(sp)
40001630:	0c000132 	jal	400004c8 <_device_init>
40001634:	00000000 	nop
40001638:	0c000135 	jal	400004d4 <_task_init>
4000163c:	00000000 	nop
40001640:	0c0000c6 	jal	40000318 <app_main>
40001644:	00000000 	nop
40001648:	8e04e5d8 	lw	a0,-6696(s0)
4000164c:	24050001 	li	a1,1
40001650:	0c000097 	jal	4000025c <_context_restore>
40001654:	24840038 	addiu	a0,a0,56
40001658:	0c00063d 	jal	400018f4 <panic>
4000165c:	00002021 	move	a0,zero
40001660:	08000503 	j	4000140c <main+0x60>
40001664:	8fbf002c 	lw	ra,44(sp)
40001668:	0c00063d 	jal	400018f4 <panic>
4000166c:	24040004 	li	a0,4
40001670:	08000579 	j	400015e4 <main+0x238>
40001674:	00000000 	nop
40001678:	0c00063d 	jal	400018f4 <panic>
4000167c:	24040004 	li	a0,4
40001680:	0800056f 	j	400015bc <main+0x210>
40001684:	00000000 	nop
40001688:	0c00063d 	jal	400018f4 <panic>
4000168c:	24040004 	li	a0,4
40001690:	08000574 	j	400015d0 <main+0x224>
40001694:	00000000 	nop

40001698 <hf_free>:
40001698:	27bdffe0 	addiu	sp,sp,-32
4000169c:	afb00014 	sw	s0,20(sp)
400016a0:	3c104000 	lui	s0,0x4000
400016a4:	afb10018 	sw	s1,24(sp)
400016a8:	00808821 	move	s1,a0
400016ac:	afbf001c 	sw	ra,28(sp)
400016b0:	0c000624 	jal	40001890 <hf_mtxlock>
400016b4:	260432c8 	addiu	a0,s0,13000
400016b8:	3c024008 	lui	v0,0x4008
400016bc:	8e25fffc 	lw	a1,-4(s1)
400016c0:	8c43e5e4 	lw	v1,-6684(v0)
400016c4:	3c044008 	lui	a0,0x4008
400016c8:	8c86e5fc 	lw	a2,-6660(a0)
400016cc:	2404fffe 	li	a0,-2
400016d0:	00a42024 	and	a0,a1,a0
400016d4:	24630008 	addiu	v1,v1,8
400016d8:	ae24fffc 	sw	a0,-4(s1)
400016dc:	00641821 	addu	v1,v1,a0
400016e0:	3c054008 	lui	a1,0x4008
400016e4:	260432c8 	addiu	a0,s0,13000
400016e8:	8fbf001c 	lw	ra,28(sp)
400016ec:	8fb10018 	lw	s1,24(sp)
400016f0:	8fb00014 	lw	s0,20(sp)
400016f4:	27bd0020 	addiu	sp,sp,32
400016f8:	aca6e5f8 	sw	a2,-6664(a1)
400016fc:	0800063a 	j	400018e8 <hf_mtxunlock>
40001700:	ac43e5e4 	sw	v1,-6684(v0)

40001704 <hf_malloc>:
40001704:	27bdffe0 	addiu	sp,sp,-32
40001708:	afb20018 	sw	s2,24(sp)
4000170c:	3c124000 	lui	s2,0x4000
40001710:	afb10014 	sw	s1,20(sp)
40001714:	2402fffc 	li	v0,-4
40001718:	24910003 	addiu	s1,a0,3
4000171c:	264432c8 	addiu	a0,s2,13000
40001720:	afb00010 	sw	s0,16(sp)
40001724:	afbf001c 	sw	ra,28(sp)
40001728:	0c000624 	jal	40001890 <hf_mtxlock>
4000172c:	02228824 	and	s1,s1,v0
40001730:	3c074008 	lui	a3,0x4008
40001734:	8ce3e5f8 	lw	v1,-6664(a3)
40001738:	2406fff8 	li	a2,-8
4000173c:	26250008 	addiu	a1,s1,8
40001740:	00608021 	move	s0,v1
40001744:	8c640000 	lw	a0,0(v1)
40001748:	10800035 	beqz	a0,40001820 <hf_malloc+0x11c>
4000174c:	00000000 	nop
40001750:	8c620004 	lw	v0,4(v1)
40001754:	30420001 	andi	v0,v0,0x1
40001758:	10400008 	beqz	v0,4000177c <hf_malloc+0x78>
4000175c:	00000000 	nop
40001760:	080005db 	j	4000176c <hf_malloc+0x68>
40001764:	00801821 	move	v1,a0
40001768:	8c630000 	lw	v1,0(v1)
4000176c:	8c620004 	lw	v0,4(v1)
40001770:	30420001 	andi	v0,v0,0x1
40001774:	1440fffc 	bnez	v0,40001768 <hf_malloc+0x64>
40001778:	00608021 	move	s0,v1
4000177c:	14400009 	bnez	v0,400017a4 <hf_malloc+0xa0>
40001780:	00d01023 	subu	v0,a2,s0
40001784:	8c640000 	lw	a0,0(v1)
40001788:	10800006 	beqz	a0,400017a4 <hf_malloc+0xa0>
4000178c:	00d01023 	subu	v0,a2,s0
40001790:	8c820004 	lw	v0,4(a0)
40001794:	30420001 	andi	v0,v0,0x1
40001798:	1040fffa 	beqz	v0,40001784 <hf_malloc+0x80>
4000179c:	00801821 	move	v1,a0
400017a0:	00d01023 	subu	v0,a2,s0
400017a4:	00621021 	addu	v0,v1,v0
400017a8:	0045202b 	sltu	a0,v0,a1
400017ac:	ae020004 	sw	v0,4(s0)
400017b0:	1480ffe4 	bnez	a0,40001744 <hf_malloc+0x40>
400017b4:	ae030000 	sw	v1,0(s0)
400017b8:	3c024008 	lui	v0,0x4008
400017bc:	8c48e5e4 	lw	t0,-6684(v0)
400017c0:	36240001 	ori	a0,s1,0x1
400017c4:	2409fff8 	li	t1,-8
400017c8:	2406fffe 	li	a2,-2
400017cc:	01314823 	subu	t1,t1,s1
400017d0:	00863024 	and	a2,a0,a2
400017d4:	02052821 	addu	a1,s0,a1
400017d8:	01263021 	addu	a2,t1,a2
400017dc:	2508fff8 	addiu	t0,t0,-8
400017e0:	acf0e5f8 	sw	s0,-6664(a3)
400017e4:	ae040004 	sw	a0,4(s0)
400017e8:	ae050000 	sw	a1,0(s0)
400017ec:	01118823 	subu	s1,t0,s1
400017f0:	aca30000 	sw	v1,0(a1)
400017f4:	aca60004 	sw	a2,4(a1)
400017f8:	264432c8 	addiu	a0,s2,13000
400017fc:	0c00063a 	jal	400018e8 <hf_mtxunlock>
40001800:	ac51e5e4 	sw	s1,-6684(v0)
40001804:	26020008 	addiu	v0,s0,8
40001808:	8fbf001c 	lw	ra,28(sp)
4000180c:	8fb20018 	lw	s2,24(sp)
40001810:	8fb10014 	lw	s1,20(sp)
40001814:	8fb00010 	lw	s0,16(sp)
40001818:	03e00008 	jr	ra
4000181c:	27bd0020 	addiu	sp,sp,32
40001820:	0c00063a 	jal	400018e8 <hf_mtxunlock>
40001824:	264432c8 	addiu	a0,s2,13000
40001828:	08000602 	j	40001808 <hf_malloc+0x104>
4000182c:	00001021 	move	v0,zero

40001830 <heapinit>:
40001830:	00801021 	move	v0,a0
40001834:	2403fffc 	li	v1,-4
40001838:	24a40003 	addiu	a0,a1,3
4000183c:	00831824 	and	v1,a0,v1
40001840:	00452821 	addu	a1,v0,a1
40001844:	2463fff0 	addiu	v1,v1,-16
40001848:	24a4fff8 	addiu	a0,a1,-8
4000184c:	ac430004 	sw	v1,4(v0)
40001850:	aca0fffc 	sw	zero,-4(a1)
40001854:	ac440000 	sw	a0,0(v0)
40001858:	8c430004 	lw	v1,4(v0)
4000185c:	aca0fff8 	sw	zero,-8(a1)
40001860:	3c054008 	lui	a1,0x4008
40001864:	aca2e5fc 	sw	v0,-6660(a1)
40001868:	3c044000 	lui	a0,0x4000
4000186c:	3c054008 	lui	a1,0x4008
40001870:	aca2e5f8 	sw	v0,-6664(a1)
40001874:	248432c8 	addiu	a0,a0,13000
40001878:	3c024008 	lui	v0,0x4008
4000187c:	08000621 	j	40001884 <hf_mtxinit>
40001880:	ac43e5e4 	sw	v1,-6684(v0)

40001884 <hf_mtxinit>:
40001884:	ac800000 	sw	zero,0(a0)
40001888:	03e00008 	jr	ra
4000188c:	00000000 	nop

40001890 <hf_mtxlock>:
40001890:	27bdffd8 	addiu	sp,sp,-40
40001894:	afb10020 	sw	s1,32(sp)
40001898:	afb0001c 	sw	s0,28(sp)
4000189c:	afbf0024 	sw	ra,36(sp)
400018a0:	00808821 	move	s1,a0
400018a4:	24100001 	li	s0,1
400018a8:	0c000082 	jal	40000208 <_interrupt_set>
400018ac:	00002021 	move	a0,zero
400018b0:	afa20014 	sw	v0,20(sp)
400018b4:	8e220000 	lw	v0,0(s1)
400018b8:	afa20010 	sw	v0,16(sp)
400018bc:	ae300000 	sw	s0,0(s1)
400018c0:	8fa40014 	lw	a0,20(sp)
400018c4:	0c000082 	jal	40000208 <_interrupt_set>
400018c8:	00000000 	nop
400018cc:	8fa20010 	lw	v0,16(sp)
400018d0:	1050fff5 	beq	v0,s0,400018a8 <hf_mtxlock+0x18>
400018d4:	8fbf0024 	lw	ra,36(sp)
400018d8:	8fb10020 	lw	s1,32(sp)
400018dc:	8fb0001c 	lw	s0,28(sp)
400018e0:	03e00008 	jr	ra
400018e4:	27bd0028 	addiu	sp,sp,40

400018e8 <hf_mtxunlock>:
400018e8:	ac800000 	sw	zero,0(a0)
400018ec:	03e00008 	jr	ra
400018f0:	00000000 	nop

400018f4 <panic>:
400018f4:	27bdffe8 	addiu	sp,sp,-24
400018f8:	afb00010 	sw	s0,16(sp)
400018fc:	00808021 	move	s0,a0
40001900:	afbf0014 	sw	ra,20(sp)
40001904:	0c000082 	jal	40000208 <_interrupt_set>
40001908:	00002021 	move	a0,zero
4000190c:	3c024008 	lui	v0,0x4008
40001910:	9445e5d4 	lhu	a1,-6700(v0)
40001914:	3c044000 	lui	a0,0x4000
40001918:	0c00022d 	jal	400008b4 <kprintf>
4000191c:	24842cc0 	addiu	a0,a0,11456
40001920:	2e02000f 	sltiu	v0,s0,15
40001924:	1440000b 	bnez	v0,40001954 <panic+0x60>
40001928:	3c024000 	lui	v0,0x4000
4000192c:	3c044000 	lui	a0,0x4000
40001930:	0c00022d 	jal	400008b4 <kprintf>
40001934:	24842e58 	addiu	a0,a0,11864
40001938:	3c044000 	lui	a0,0x4000
4000193c:	0c000427 	jal	4000109c <printf>
40001940:	24842e68 	addiu	a0,a0,11880
40001944:	0c000192 	jal	40000648 <_panic>
40001948:	00000000 	nop
4000194c:	08000653 	j	4000194c <panic+0x58>
40001950:	00000000 	nop
40001954:	00108080 	sll	s0,s0,0x2
40001958:	24422e7c 	addiu	v0,v0,11900
4000195c:	00501021 	addu	v0,v0,s0
40001960:	8c420000 	lw	v0,0(v0)
40001964:	00400008 	jr	v0
40001968:	00000000 	nop
4000196c:	3c044000 	lui	a0,0x4000
40001970:	0c00022d 	jal	400008b4 <kprintf>
40001974:	24842d1c 	addiu	a0,a0,11548
40001978:	0800064f 	j	4000193c <panic+0x48>
4000197c:	3c044000 	lui	a0,0x4000
40001980:	3c044000 	lui	a0,0x4000
40001984:	0c00022d 	jal	400008b4 <kprintf>
40001988:	24842e44 	addiu	a0,a0,11844
4000198c:	0800064f 	j	4000193c <panic+0x48>
40001990:	3c044000 	lui	a0,0x4000
40001994:	3c044000 	lui	a0,0x4000
40001998:	0c00022d 	jal	400008b4 <kprintf>
4000199c:	24842e28 	addiu	a0,a0,11816
400019a0:	0800064f 	j	4000193c <panic+0x48>
400019a4:	3c044000 	lui	a0,0x4000
400019a8:	3c044000 	lui	a0,0x4000
400019ac:	0c00022d 	jal	400008b4 <kprintf>
400019b0:	24842e04 	addiu	a0,a0,11780
400019b4:	0800064f 	j	4000193c <panic+0x48>
400019b8:	3c044000 	lui	a0,0x4000
400019bc:	3c044000 	lui	a0,0x4000
400019c0:	0c00022d 	jal	400008b4 <kprintf>
400019c4:	24842de4 	addiu	a0,a0,11748
400019c8:	0800064f 	j	4000193c <panic+0x48>
400019cc:	3c044000 	lui	a0,0x4000
400019d0:	3c044000 	lui	a0,0x4000
400019d4:	0c00022d 	jal	400008b4 <kprintf>
400019d8:	24842dc4 	addiu	a0,a0,11716
400019dc:	0800064f 	j	4000193c <panic+0x48>
400019e0:	3c044000 	lui	a0,0x4000
400019e4:	3c044000 	lui	a0,0x4000
400019e8:	0c00022d 	jal	400008b4 <kprintf>
400019ec:	24842dac 	addiu	a0,a0,11692
400019f0:	0800064f 	j	4000193c <panic+0x48>
400019f4:	3c044000 	lui	a0,0x4000
400019f8:	3c044000 	lui	a0,0x4000
400019fc:	0c00022d 	jal	400008b4 <kprintf>
40001a00:	24842d78 	addiu	a0,a0,11640
40001a04:	0800064f 	j	4000193c <panic+0x48>
40001a08:	3c044000 	lui	a0,0x4000
40001a0c:	3c044000 	lui	a0,0x4000
40001a10:	0c00022d 	jal	400008b4 <kprintf>
40001a14:	24842d90 	addiu	a0,a0,11664
40001a18:	0800064f 	j	4000193c <panic+0x48>
40001a1c:	3c044000 	lui	a0,0x4000
40001a20:	3c044000 	lui	a0,0x4000
40001a24:	0c00022d 	jal	400008b4 <kprintf>
40001a28:	24842d60 	addiu	a0,a0,11616
40001a2c:	0800064f 	j	4000193c <panic+0x48>
40001a30:	3c044000 	lui	a0,0x4000
40001a34:	3c044000 	lui	a0,0x4000
40001a38:	0c00022d 	jal	400008b4 <kprintf>
40001a3c:	24842d50 	addiu	a0,a0,11600
40001a40:	0800064f 	j	4000193c <panic+0x48>
40001a44:	3c044000 	lui	a0,0x4000
40001a48:	3c044000 	lui	a0,0x4000
40001a4c:	0c00022d 	jal	400008b4 <kprintf>
40001a50:	24842d30 	addiu	a0,a0,11568
40001a54:	0800064f 	j	4000193c <panic+0x48>
40001a58:	3c044000 	lui	a0,0x4000
40001a5c:	3c044000 	lui	a0,0x4000
40001a60:	0c00022d 	jal	400008b4 <kprintf>
40001a64:	24842d0c 	addiu	a0,a0,11532
40001a68:	0800064f 	j	4000193c <panic+0x48>
40001a6c:	3c044000 	lui	a0,0x4000
40001a70:	3c044000 	lui	a0,0x4000
40001a74:	0c00022d 	jal	400008b4 <kprintf>
40001a78:	24842cf0 	addiu	a0,a0,11504
40001a7c:	0800064f 	j	4000193c <panic+0x48>
40001a80:	3c044000 	lui	a0,0x4000
40001a84:	3c044000 	lui	a0,0x4000
40001a88:	0c00022d 	jal	400008b4 <kprintf>
40001a8c:	24842cdc 	addiu	a0,a0,11484
40001a90:	0800064f 	j	4000193c <panic+0x48>
40001a94:	3c044000 	lui	a0,0x4000

40001a98 <hf_schedlock>:
40001a98:	27bdffe8 	addiu	sp,sp,-24
40001a9c:	afbf0014 	sw	ra,20(sp)
40001aa0:	afb00010 	sw	s0,16(sp)
40001aa4:	0c00015b 	jal	4000056c <_read_us>
40001aa8:	00808021 	move	s0,a0
40001aac:	3c044000 	lui	a0,0x4000
40001ab0:	00602821 	move	a1,v1
40001ab4:	0c0002aa 	jal	40000aa8 <dprintf>
40001ab8:	24842eb8 	addiu	a0,a0,11960
40001abc:	8fbf0014 	lw	ra,20(sp)
40001ac0:	2e100001 	sltiu	s0,s0,1
40001ac4:	3c024008 	lui	v0,0x4008
40001ac8:	a450e5f0 	sh	s0,-6672(v0)
40001acc:	8fb00010 	lw	s0,16(sp)
40001ad0:	03e00008 	jr	ra
40001ad4:	27bd0018 	addiu	sp,sp,24

40001ad8 <hf_freecpu>:
40001ad8:	27bdffd8 	addiu	sp,sp,-40
40001adc:	afbf0024 	sw	ra,36(sp)
40001ae0:	afb40020 	sw	s4,32(sp)
40001ae4:	afb3001c 	sw	s3,28(sp)
40001ae8:	afb20018 	sw	s2,24(sp)
40001aec:	afb10014 	sw	s1,20(sp)
40001af0:	0c00015b 	jal	4000056c <_read_us>
40001af4:	afb00010 	sw	s0,16(sp)
40001af8:	3c044000 	lui	a0,0x4000
40001afc:	00602821 	move	a1,v1
40001b00:	24842ecc 	addiu	a0,a0,11980
40001b04:	0c0002aa 	jal	40000aa8 <dprintf>
40001b08:	3c124000 	lui	s2,0x4000
40001b0c:	0000a021 	move	s4,zero
40001b10:	00008021 	move	s0,zero
40001b14:	265232cc 	addiu	s2,s2,13004
40001b18:	24130003 	li	s3,3
40001b1c:	2411001e 	li	s1,30
40001b20:	00101880 	sll	v1,s0,0x2
40001b24:	00101100 	sll	v0,s0,0x4
40001b28:	00621021 	addu	v0,v1,v0
40001b2c:	00501023 	subu	v0,v0,s0
40001b30:	000210c0 	sll	v0,v0,0x3
40001b34:	02421021 	addu	v0,s2,v0
40001b38:	8c430088 	lw	v1,136(v0)
40001b3c:	1060000f 	beqz	v1,40001b7c <hf_freecpu+0xa4>
40001b40:	26100001 	addiu	s0,s0,1
40001b44:	90430016 	lbu	v1,22(v0)
40001b48:	1073000c 	beq	v1,s3,40001b7c <hf_freecpu+0xa4>
40001b4c:	00000000 	nop
40001b50:	9443002c 	lhu	v1,44(v0)
40001b54:	10600009 	beqz	v1,40001b7c <hf_freecpu+0xa4>
40001b58:	00602821 	move	a1,v1
40001b5c:	9443002e 	lhu	v1,46(v0)
40001b60:	00031080 	sll	v0,v1,0x2
40001b64:	00031900 	sll	v1,v1,0x4
40001b68:	00431021 	addu	v0,v0,v1
40001b6c:	00022080 	sll	a0,v0,0x2
40001b70:	0c000458 	jal	40001160 <__divsi3>
40001b74:	00442021 	addu	a0,v0,a0
40001b78:	0282a021 	addu	s4,s4,v0
40001b7c:	1611ffe9 	bne	s0,s1,40001b24 <hf_freecpu+0x4c>
40001b80:	00101880 	sll	v1,s0,0x2
40001b84:	8fbf0024 	lw	ra,36(sp)
40001b88:	24020064 	li	v0,100
40001b8c:	00541023 	subu	v0,v0,s4
40001b90:	8fb3001c 	lw	s3,28(sp)
40001b94:	8fb40020 	lw	s4,32(sp)
40001b98:	8fb20018 	lw	s2,24(sp)
40001b9c:	8fb10014 	lw	s1,20(sp)
40001ba0:	8fb00010 	lw	s0,16(sp)
40001ba4:	03e00008 	jr	ra
40001ba8:	27bd0028 	addiu	sp,sp,40

40001bac <hf_queue_create>:
40001bac:	27bdffe0 	addiu	sp,sp,-32
40001bb0:	afb10018 	sw	s1,24(sp)
40001bb4:	00808821 	move	s1,a0
40001bb8:	afb00014 	sw	s0,20(sp)
40001bbc:	afbf001c 	sw	ra,28(sp)
40001bc0:	0c0005c1 	jal	40001704 <hf_malloc>
40001bc4:	24040014 	li	a0,20
40001bc8:	1040000a 	beqz	v0,40001bf4 <hf_queue_create+0x48>
40001bcc:	00408021 	move	s0,v0
40001bd0:	26240001 	addiu	a0,s1,1
40001bd4:	ac440000 	sw	a0,0(v0)
40001bd8:	0c0005c1 	jal	40001704 <hf_malloc>
40001bdc:	00042080 	sll	a0,a0,0x2
40001be0:	1040000a 	beqz	v0,40001c0c <hf_queue_create+0x60>
40001be4:	ae020010 	sw	v0,16(s0)
40001be8:	ae00000c 	sw	zero,12(s0)
40001bec:	ae000008 	sw	zero,8(s0)
40001bf0:	ae000004 	sw	zero,4(s0)
40001bf4:	8fbf001c 	lw	ra,28(sp)
40001bf8:	02001021 	move	v0,s0
40001bfc:	8fb10018 	lw	s1,24(sp)
40001c00:	8fb00014 	lw	s0,20(sp)
40001c04:	03e00008 	jr	ra
40001c08:	27bd0020 	addiu	sp,sp,32
40001c0c:	0c0005a6 	jal	40001698 <hf_free>
40001c10:	02002021 	move	a0,s0
40001c14:	080006fd 	j	40001bf4 <hf_queue_create+0x48>
40001c18:	00008021 	move	s0,zero

40001c1c <hf_queue_count>:
40001c1c:	03e00008 	jr	ra
40001c20:	8c820004 	lw	v0,4(a0)

40001c24 <hf_queue_addtail>:
40001c24:	8c820000 	lw	v0,0(a0)
40001c28:	27bdffd8 	addiu	sp,sp,-40
40001c2c:	afb30020 	sw	s3,32(sp)
40001c30:	afb10018 	sw	s1,24(sp)
40001c34:	afb00014 	sw	s0,20(sp)
40001c38:	afbf0024 	sw	ra,36(sp)
40001c3c:	afb2001c 	sw	s2,28(sp)
40001c40:	00808021 	move	s0,a0
40001c44:	00a09821 	move	s3,a1
40001c48:	10400010 	beqz	v0,40001c8c <hf_queue_addtail+0x68>
40001c4c:	2411ffff 	li	s1,-1
40001c50:	8c92000c 	lw	s2,12(a0)
40001c54:	00402821 	move	a1,v0
40001c58:	0c00046d 	jal	400011b4 <__modsi3>
40001c5c:	26440001 	addiu	a0,s2,1
40001c60:	8e030008 	lw	v1,8(s0)
40001c64:	10620009 	beq	v1,v0,40001c8c <hf_queue_addtail+0x68>
40001c68:	00129080 	sll	s2,s2,0x2
40001c6c:	8e030004 	lw	v1,4(s0)
40001c70:	8e040010 	lw	a0,16(s0)
40001c74:	24630001 	addiu	v1,v1,1
40001c78:	00929021 	addu	s2,a0,s2
40001c7c:	ae530000 	sw	s3,0(s2)
40001c80:	00008821 	move	s1,zero
40001c84:	ae02000c 	sw	v0,12(s0)
40001c88:	ae030004 	sw	v1,4(s0)
40001c8c:	8fbf0024 	lw	ra,36(sp)
40001c90:	02201021 	move	v0,s1
40001c94:	8fb30020 	lw	s3,32(sp)
40001c98:	8fb2001c 	lw	s2,28(sp)
40001c9c:	8fb10018 	lw	s1,24(sp)
40001ca0:	8fb00014 	lw	s0,20(sp)
40001ca4:	03e00008 	jr	ra
40001ca8:	27bd0028 	addiu	sp,sp,40

40001cac <hf_queue_remhead>:
40001cac:	8c850000 	lw	a1,0(a0)
40001cb0:	27bdffe0 	addiu	sp,sp,-32
40001cb4:	afb10018 	sw	s1,24(sp)
40001cb8:	afb00014 	sw	s0,20(sp)
40001cbc:	afbf001c 	sw	ra,28(sp)
40001cc0:	00808021 	move	s0,a0
40001cc4:	10a0000e 	beqz	a1,40001d00 <hf_queue_remhead+0x54>
40001cc8:	00008821 	move	s1,zero
40001ccc:	8c840008 	lw	a0,8(a0)
40001cd0:	8e02000c 	lw	v0,12(s0)
40001cd4:	1082000a 	beq	a0,v0,40001d00 <hf_queue_remhead+0x54>
40001cd8:	00041080 	sll	v0,a0,0x2
40001cdc:	8e030010 	lw	v1,16(s0)
40001ce0:	24840001 	addiu	a0,a0,1
40001ce4:	00621021 	addu	v0,v1,v0
40001ce8:	0c00046d 	jal	400011b4 <__modsi3>
40001cec:	8c510000 	lw	s1,0(v0)
40001cf0:	8e030004 	lw	v1,4(s0)
40001cf4:	ae020008 	sw	v0,8(s0)
40001cf8:	2463ffff 	addiu	v1,v1,-1
40001cfc:	ae030004 	sw	v1,4(s0)
40001d00:	8fbf001c 	lw	ra,28(sp)
40001d04:	02201021 	move	v0,s1
40001d08:	8fb00014 	lw	s0,20(sp)
40001d0c:	8fb10018 	lw	s1,24(sp)
40001d10:	03e00008 	jr	ra
40001d14:	27bd0020 	addiu	sp,sp,32

40001d18 <hf_queue_get>:
40001d18:	8c830000 	lw	v1,0(a0)
40001d1c:	27bdffe8 	addiu	sp,sp,-24
40001d20:	afb00010 	sw	s0,16(sp)
40001d24:	afbf0014 	sw	ra,20(sp)
40001d28:	00808021 	move	s0,a0
40001d2c:	1060000f 	beqz	v1,40001d6c <hf_queue_get+0x54>
40001d30:	00001021 	move	v0,zero
40001d34:	8c840004 	lw	a0,4(a0)
40001d38:	00a4202a 	slt	a0,a1,a0
40001d3c:	1080000c 	beqz	a0,40001d70 <hf_queue_get+0x58>
40001d40:	8fbf0014 	lw	ra,20(sp)
40001d44:	8e040008 	lw	a0,8(s0)
40001d48:	8e06000c 	lw	a2,12(s0)
40001d4c:	10860008 	beq	a0,a2,40001d70 <hf_queue_get+0x58>
40001d50:	00a42021 	addu	a0,a1,a0
40001d54:	0c00046d 	jal	400011b4 <__modsi3>
40001d58:	00602821 	move	a1,v1
40001d5c:	8e030010 	lw	v1,16(s0)
40001d60:	00021080 	sll	v0,v0,0x2
40001d64:	00621821 	addu	v1,v1,v0
40001d68:	8c620000 	lw	v0,0(v1)
40001d6c:	8fbf0014 	lw	ra,20(sp)
40001d70:	8fb00010 	lw	s0,16(sp)
40001d74:	03e00008 	jr	ra
40001d78:	27bd0018 	addiu	sp,sp,24

40001d7c <hf_queue_swap>:
40001d7c:	27bdffd8 	addiu	sp,sp,-40
40001d80:	afb10014 	sw	s1,20(sp)
40001d84:	8c910000 	lw	s1,0(a0)
40001d88:	afb3001c 	sw	s3,28(sp)
40001d8c:	afb00010 	sw	s0,16(sp)
40001d90:	afbf0024 	sw	ra,36(sp)
40001d94:	afb40020 	sw	s4,32(sp)
40001d98:	afb20018 	sw	s2,24(sp)
40001d9c:	00808021 	move	s0,a0
40001da0:	00c09821 	move	s3,a2
40001da4:	1220001c 	beqz	s1,40001e18 <hf_queue_swap+0x9c>
40001da8:	2402ffff 	li	v0,-1
40001dac:	8c830004 	lw	v1,4(a0)
40001db0:	00a3202a 	slt	a0,a1,v1
40001db4:	10800018 	beqz	a0,40001e18 <hf_queue_swap+0x9c>
40001db8:	00c3182a 	slt	v1,a2,v1
40001dbc:	10600017 	beqz	v1,40001e1c <hf_queue_swap+0xa0>
40001dc0:	8fbf0024 	lw	ra,36(sp)
40001dc4:	8e120008 	lw	s2,8(s0)
40001dc8:	8e03000c 	lw	v1,12(s0)
40001dcc:	12430013 	beq	s2,v1,40001e1c <hf_queue_swap+0xa0>
40001dd0:	00b22021 	addu	a0,a1,s2
40001dd4:	8e140010 	lw	s4,16(s0)
40001dd8:	0c00046d 	jal	400011b4 <__modsi3>
40001ddc:	02202821 	move	a1,s1
40001de0:	00021080 	sll	v0,v0,0x2
40001de4:	02202821 	move	a1,s1
40001de8:	02722021 	addu	a0,s3,s2
40001dec:	0c00046d 	jal	400011b4 <__modsi3>
40001df0:	02828821 	addu	s1,s4,v0
40001df4:	00021880 	sll	v1,v0,0x2
40001df8:	0283a021 	addu	s4,s4,v1
40001dfc:	8e850000 	lw	a1,0(s4)
40001e00:	8e240000 	lw	a0,0(s1)
40001e04:	00001021 	move	v0,zero
40001e08:	ae250000 	sw	a1,0(s1)
40001e0c:	8e050010 	lw	a1,16(s0)
40001e10:	00a31821 	addu	v1,a1,v1
40001e14:	ac640000 	sw	a0,0(v1)
40001e18:	8fbf0024 	lw	ra,36(sp)
40001e1c:	8fb40020 	lw	s4,32(sp)
40001e20:	8fb3001c 	lw	s3,28(sp)
40001e24:	8fb20018 	lw	s2,24(sp)
40001e28:	8fb10014 	lw	s1,20(sp)
40001e2c:	8fb00010 	lw	s0,16(sp)
40001e30:	03e00008 	jr	ra
40001e34:	27bd0028 	addiu	sp,sp,40

40001e38 <run_queue_next>:
40001e38:	27bdffe0 	addiu	sp,sp,-32
40001e3c:	afb00014 	sw	s0,20(sp)
40001e40:	3c104008 	lui	s0,0x4008
40001e44:	8e04e5e8 	lw	a0,-6680(s0)
40001e48:	afb10018 	sw	s1,24(sp)
40001e4c:	afbf001c 	sw	ra,28(sp)
40001e50:	0c00072b 	jal	40001cac <hf_queue_remhead>
40001e54:	3c114008 	lui	s1,0x4008
40001e58:	1040000f 	beqz	v0,40001e98 <run_queue_next+0x60>
40001e5c:	ae22e5d8 	sw	v0,-6696(s1)
40001e60:	8e04e5e8 	lw	a0,-6680(s0)
40001e64:	0c000709 	jal	40001c24 <hf_queue_addtail>
40001e68:	00402821 	move	a1,v0
40001e6c:	14400005 	bnez	v0,40001e84 <run_queue_next+0x4c>
40001e70:	8fbf001c 	lw	ra,28(sp)
40001e74:	8fb10018 	lw	s1,24(sp)
40001e78:	8fb00014 	lw	s0,20(sp)
40001e7c:	03e00008 	jr	ra
40001e80:	27bd0020 	addiu	sp,sp,32
40001e84:	8fb10018 	lw	s1,24(sp)
40001e88:	8fb00014 	lw	s0,20(sp)
40001e8c:	24040009 	li	a0,9
40001e90:	0800063d 	j	400018f4 <panic>
40001e94:	27bd0020 	addiu	sp,sp,32
40001e98:	0c00063d 	jal	400018f4 <panic>
40001e9c:	24040005 	li	a0,5
40001ea0:	08000798 	j	40001e60 <run_queue_next+0x28>
40001ea4:	8e22e5d8 	lw	v0,-6696(s1)

40001ea8 <dispatch_isr>:
40001ea8:	27bdffc0 	addiu	sp,sp,-64
40001eac:	afbf003c 	sw	ra,60(sp)
40001eb0:	afb60038 	sw	s6,56(sp)
40001eb4:	afb50034 	sw	s5,52(sp)
40001eb8:	afb40030 	sw	s4,48(sp)
40001ebc:	afb3002c 	sw	s3,44(sp)
40001ec0:	afb20028 	sw	s2,40(sp)
40001ec4:	afb10024 	sw	s1,36(sp)
40001ec8:	0c00015b 	jal	4000056c <_read_us>
40001ecc:	afb00020 	sw	s0,32(sp)
40001ed0:	3c044000 	lui	a0,0x4000
40001ed4:	00602821 	move	a1,v1
40001ed8:	0c0002aa 	jal	40000aa8 <dprintf>
40001edc:	24842f1c 	addiu	a0,a0,12060
40001ee0:	0c00017f 	jal	400005fc <_timer_reset>
40001ee4:	00000000 	nop
40001ee8:	3c024008 	lui	v0,0x4008
40001eec:	9442e5f0 	lhu	v0,-6672(v0)
40001ef0:	1440000b 	bnez	v0,40001f20 <dispatch_isr+0x78>
40001ef4:	3c144008 	lui	s4,0x4008
40001ef8:	8fbf003c 	lw	ra,60(sp)
40001efc:	8fb60038 	lw	s6,56(sp)
40001f00:	8fb50034 	lw	s5,52(sp)
40001f04:	8fb40030 	lw	s4,48(sp)
40001f08:	8fb3002c 	lw	s3,44(sp)
40001f0c:	8fb20028 	lw	s2,40(sp)
40001f10:	8fb10024 	lw	s1,36(sp)
40001f14:	8fb00020 	lw	s0,32(sp)
40001f18:	03e00008 	jr	ra
40001f1c:	27bd0040 	addiu	sp,sp,64
40001f20:	9683e5d4 	lhu	v1,-6700(s4)
40001f24:	3c104008 	lui	s0,0x4008
40001f28:	00032080 	sll	a0,v1,0x2
40001f2c:	00031100 	sll	v0,v1,0x4
40001f30:	00821021 	addu	v0,a0,v0
40001f34:	00431823 	subu	v1,v0,v1
40001f38:	3c024000 	lui	v0,0x4000
40001f3c:	000318c0 	sll	v1,v1,0x3
40001f40:	244232cc 	addiu	v0,v0,13004
40001f44:	00431021 	addu	v0,v0,v1
40001f48:	24440038 	addiu	a0,v0,56
40001f4c:	0c000088 	jal	40000220 <_context_save>
40001f50:	ae02e5d8 	sw	v0,-6696(s0)
40001f54:	1440ffe8 	bnez	v0,40001ef8 <dispatch_isr+0x50>
40001f58:	8e02e5d8 	lw	v0,-6696(s0)
40001f5c:	24030002 	li	v1,2
40001f60:	90440016 	lbu	a0,22(v0)
40001f64:	1083005f 	beq	a0,v1,400020e4 <dispatch_isr+0x23c>
40001f68:	24030001 	li	v1,1
40001f6c:	8c42008c 	lw	v0,140(v0)
40001f70:	8c430000 	lw	v1,0(v0)
40001f74:	3c02b00b 	lui	v0,0xb00b
40001f78:	3442b00b 	ori	v0,v0,0xb00b
40001f7c:	10620004 	beq	v1,v0,40001f90 <dispatch_isr+0xe8>
40001f80:	3c024008 	lui	v0,0x4008
40001f84:	0c00063d 	jal	400018f4 <panic>
40001f88:	24040002 	li	a0,2
40001f8c:	3c024008 	lui	v0,0x4008
40001f90:	9442e5e0 	lhu	v0,-6688(v0)
40001f94:	10400049 	beqz	v0,400020bc <dispatch_isr+0x214>
40001f98:	24040003 	li	a0,3
40001f9c:	3c124008 	lui	s2,0x4008
40001fa0:	0c000707 	jal	40001c1c <hf_queue_count>
40001fa4:	8e44e5f4 	lw	a0,-6668(s2)
40001fa8:	18400020 	blez	v0,4000202c <dispatch_isr+0x184>
40001fac:	00409821 	move	s3,v0
40001fb0:	00008821 	move	s1,zero
40001fb4:	3c164008 	lui	s6,0x4008
40001fb8:	080007f7 	j	40001fdc <dispatch_isr+0x134>
40001fbc:	3c154008 	lui	s5,0x4008
40001fc0:	0c000709 	jal	40001c24 <hf_queue_addtail>
40001fc4:	00402821 	move	a1,v0
40001fc8:	14400051 	bnez	v0,40002110 <dispatch_isr+0x268>
40001fcc:	00000000 	nop
40001fd0:	26310001 	addiu	s1,s1,1
40001fd4:	12330015 	beq	s1,s3,4000202c <dispatch_isr+0x184>
40001fd8:	00000000 	nop
40001fdc:	0c00072b 	jal	40001cac <hf_queue_remhead>
40001fe0:	8e44e5f4 	lw	a0,-6668(s2)
40001fe4:	1040004e 	beqz	v0,40002120 <dispatch_isr+0x278>
40001fe8:	00000000 	nop
40001fec:	8c43001c 	lw	v1,28(v0)
40001ff0:	2463ffff 	addiu	v1,v1,-1
40001ff4:	1460003d 	bnez	v1,400020ec <dispatch_isr+0x244>
40001ff8:	ac43001c 	sw	v1,28(v0)
40001ffc:	9443002c 	lhu	v1,44(v0)
40002000:	1460ffef 	bnez	v1,40001fc0 <dispatch_isr+0x118>
40002004:	8ea4e5ec 	lw	a0,-6676(s5)
40002008:	8ec4e5e8 	lw	a0,-6680(s6)
4000200c:	0c000709 	jal	40001c24 <hf_queue_addtail>
40002010:	00402821 	move	a1,v0
40002014:	1040ffee 	beqz	v0,40001fd0 <dispatch_isr+0x128>
40002018:	24040009 	li	a0,9
4000201c:	0c00063d 	jal	400018f4 <panic>
40002020:	26310001 	addiu	s1,s1,1
40002024:	1633ffed 	bne	s1,s3,40001fdc <dispatch_isr+0x134>
40002028:	00000000 	nop
4000202c:	3c114008 	lui	s1,0x4008
40002030:	8e22e5bc 	lw	v0,-6724(s1)
40002034:	0040f809 	jalr	v0
40002038:	2636e5bc 	addiu	s6,s1,-6724
4000203c:	3055ffff 	andi	s5,v0,0xffff
40002040:	16a00007 	bnez	s5,40002060 <dispatch_isr+0x1b8>
40002044:	a695e5d4 	sh	s5,-6700(s4)
40002048:	8ec20004 	lw	v0,4(s6)
4000204c:	0040f809 	jalr	v0
40002050:	00000000 	nop
40002054:	3055ffff 	andi	s5,v0,0xffff
40002058:	3c024008 	lui	v0,0x4008
4000205c:	a455e5d4 	sh	s5,-6700(v0)
40002060:	8e02e5d8 	lw	v0,-6696(s0)
40002064:	8ec3000c 	lw	v1,12(s6)
40002068:	24040002 	li	a0,2
4000206c:	9453002c 	lhu	s3,44(v0)
40002070:	9452002e 	lhu	s2,46(v0)
40002074:	24630001 	addiu	v1,v1,1
40002078:	94510030 	lhu	s1,48(v0)
4000207c:	a0440016 	sb	a0,22(v0)
40002080:	0c00015b 	jal	4000056c <_read_us>
40002084:	aec3000c 	sw	v1,12(s6)
40002088:	3c044000 	lui	a0,0x4000
4000208c:	24842f2c 	addiu	a0,a0,12076
40002090:	02a02821 	move	a1,s5
40002094:	02603021 	move	a2,s3
40002098:	02403821 	move	a3,s2
4000209c:	afa30014 	sw	v1,20(sp)
400020a0:	0c0002aa 	jal	40000aa8 <dprintf>
400020a4:	afb10010 	sw	s1,16(sp)
400020a8:	8e04e5d8 	lw	a0,-6696(s0)
400020ac:	24050001 	li	a1,1
400020b0:	0c000097 	jal	4000025c <_context_restore>
400020b4:	24840038 	addiu	a0,a0,56
400020b8:	240400ff 	li	a0,255
400020bc:	8fbf003c 	lw	ra,60(sp)
400020c0:	8fb60038 	lw	s6,56(sp)
400020c4:	8fb50034 	lw	s5,52(sp)
400020c8:	8fb40030 	lw	s4,48(sp)
400020cc:	8fb3002c 	lw	s3,44(sp)
400020d0:	8fb20028 	lw	s2,40(sp)
400020d4:	8fb10024 	lw	s1,36(sp)
400020d8:	8fb00020 	lw	s0,32(sp)
400020dc:	0800063d 	j	400018f4 <panic>
400020e0:	27bd0040 	addiu	sp,sp,64
400020e4:	080007db 	j	40001f6c <dispatch_isr+0xc4>
400020e8:	a0430016 	sb	v1,22(v0)
400020ec:	8e44e5f4 	lw	a0,-6668(s2)
400020f0:	0c000709 	jal	40001c24 <hf_queue_addtail>
400020f4:	00402821 	move	a1,v0
400020f8:	1040ffb5 	beqz	v0,40001fd0 <dispatch_isr+0x128>
400020fc:	00000000 	nop
40002100:	0c00063d 	jal	400018f4 <panic>
40002104:	2404000a 	li	a0,10
40002108:	080007f5 	j	40001fd4 <dispatch_isr+0x12c>
4000210c:	26310001 	addiu	s1,s1,1
40002110:	0c00063d 	jal	400018f4 <panic>
40002114:	2404000b 	li	a0,11
40002118:	080007f5 	j	40001fd4 <dispatch_isr+0x12c>
4000211c:	26310001 	addiu	s1,s1,1
40002120:	24040007 	li	a0,7
40002124:	0c00063d 	jal	400018f4 <panic>
40002128:	afa20018 	sw	v0,24(sp)
4000212c:	080007fb 	j	40001fec <dispatch_isr+0x144>
40002130:	8fa20018 	lw	v0,24(sp)

40002134 <sched_priorityrr>:
40002134:	3c024008 	lui	v0,0x4008
40002138:	8c44e5e8 	lw	a0,-6680(v0)
4000213c:	27bdffd0 	addiu	sp,sp,-48
40002140:	afb2001c 	sw	s2,28(sp)
40002144:	afbf002c 	sw	ra,44(sp)
40002148:	afb50028 	sw	s5,40(sp)
4000214c:	afb40024 	sw	s4,36(sp)
40002150:	afb30020 	sw	s3,32(sp)
40002154:	afb10018 	sw	s1,24(sp)
40002158:	0c000707 	jal	40001c1c <hf_queue_count>
4000215c:	afb00014 	sw	s0,20(sp)
40002160:	10400048 	beqz	v0,40002284 <sched_priorityrr+0x150>
40002164:	00409021 	move	s2,v0
40002168:	0c00078e 	jal	40001e38 <run_queue_next>
4000216c:	00000000 	nop
40002170:	1a400048 	blez	s2,40002294 <sched_priorityrr+0x160>
40002174:	241400ff 	li	s4,255
40002178:	00008021 	move	s0,zero
4000217c:	00008821 	move	s1,zero
40002180:	3c134008 	lui	s3,0x4008
40002184:	24150003 	li	s5,3
40002188:	0c00078e 	jal	40001e38 <run_queue_next>
4000218c:	26310001 	addiu	s1,s1,1
40002190:	8e63e5d8 	lw	v1,-6696(s3)
40002194:	90640019 	lbu	a0,25(v1)
40002198:	10800004 	beqz	a0,400021ac <sched_priorityrr+0x78>
4000219c:	00000000 	nop
400021a0:	90620016 	lbu	v0,22(v1)
400021a4:	14550028 	bne	v0,s5,40002248 <sched_priorityrr+0x114>
400021a8:	00000000 	nop
400021ac:	90620018 	lbu	v0,24(v1)
400021b0:	0054202b 	sltu	a0,v0,s4
400021b4:	10800006 	beqz	a0,400021d0 <sched_priorityrr+0x9c>
400021b8:	00000000 	nop
400021bc:	90640016 	lbu	a0,22(v1)
400021c0:	10950003 	beq	a0,s5,400021d0 <sched_priorityrr+0x9c>
400021c4:	00000000 	nop
400021c8:	00608021 	move	s0,v1
400021cc:	0040a021 	move	s4,v0
400021d0:	1632ffed 	bne	s1,s2,40002188 <sched_priorityrr+0x54>
400021d4:	00000000 	nop
400021d8:	00008821 	move	s1,zero
400021dc:	0c00078e 	jal	40001e38 <run_queue_next>
400021e0:	26310001 	addiu	s1,s1,1
400021e4:	8e63e5d8 	lw	v1,-6696(s3)
400021e8:	12030005 	beq	s0,v1,40002200 <sched_priorityrr+0xcc>
400021ec:	00000000 	nop
400021f0:	90640018 	lbu	a0,24(v1)
400021f4:	92020018 	lbu	v0,24(s0)
400021f8:	00821023 	subu	v0,a0,v0
400021fc:	a0620018 	sb	v0,24(v1)
40002200:	1632fff6 	bne	s1,s2,400021dc <sched_priorityrr+0xa8>
40002204:	00000000 	nop
40002208:	92020017 	lbu	v0,23(s0)
4000220c:	8e030024 	lw	v1,36(s0)
40002210:	ae70e5d8 	sw	s0,-6696(s3)
40002214:	a2020018 	sb	v0,24(s0)
40002218:	8fbf002c 	lw	ra,44(sp)
4000221c:	24630001 	addiu	v1,v1,1
40002220:	96020000 	lhu	v0,0(s0)
40002224:	ae030024 	sw	v1,36(s0)
40002228:	8fb50028 	lw	s5,40(sp)
4000222c:	8fb40024 	lw	s4,36(sp)
40002230:	8fb30020 	lw	s3,32(sp)
40002234:	8fb2001c 	lw	s2,28(sp)
40002238:	8fb10018 	lw	s1,24(sp)
4000223c:	8fb00014 	lw	s0,20(sp)
40002240:	03e00008 	jr	ra
40002244:	27bd0030 	addiu	sp,sp,48
40002248:	00608021 	move	s0,v1
4000224c:	a0600019 	sb	zero,25(v1)
40002250:	8e030024 	lw	v1,36(s0)
40002254:	8fbf002c 	lw	ra,44(sp)
40002258:	96020000 	lhu	v0,0(s0)
4000225c:	24630001 	addiu	v1,v1,1
40002260:	ae030024 	sw	v1,36(s0)
40002264:	8fb50028 	lw	s5,40(sp)
40002268:	8fb40024 	lw	s4,36(sp)
4000226c:	8fb30020 	lw	s3,32(sp)
40002270:	8fb2001c 	lw	s2,28(sp)
40002274:	8fb10018 	lw	s1,24(sp)
40002278:	8fb00014 	lw	s0,20(sp)
4000227c:	03e00008 	jr	ra
40002280:	27bd0030 	addiu	sp,sp,48
40002284:	0c00063d 	jal	400018f4 <panic>
40002288:	24040005 	li	a0,5
4000228c:	0c00078e 	jal	40001e38 <run_queue_next>
40002290:	00000000 	nop
40002294:	00008021 	move	s0,zero
40002298:	08000882 	j	40002208 <sched_priorityrr+0xd4>
4000229c:	3c134008 	lui	s3,0x4008

400022a0 <sched_rma>:
400022a0:	27bdffc8 	addiu	sp,sp,-56
400022a4:	afb10018 	sw	s1,24(sp)
400022a8:	3c114008 	lui	s1,0x4008
400022ac:	8e24e5ec 	lw	a0,-6676(s1)
400022b0:	afb30020 	sw	s3,32(sp)
400022b4:	afbf0034 	sw	ra,52(sp)
400022b8:	afb70030 	sw	s7,48(sp)
400022bc:	afb6002c 	sw	s6,44(sp)
400022c0:	afb50028 	sw	s5,40(sp)
400022c4:	afb40024 	sw	s4,36(sp)
400022c8:	afb2001c 	sw	s2,28(sp)
400022cc:	0c000707 	jal	40001c1c <hf_queue_count>
400022d0:	afb00014 	sw	s0,20(sp)
400022d4:	00409821 	move	s3,v0
400022d8:	12600059 	beqz	s3,40002440 <sched_rma+0x1a0>
400022dc:	00001021 	move	v0,zero
400022e0:	2676ffff 	addiu	s6,s3,-1
400022e4:	00009021 	move	s2,zero
400022e8:	0256102a 	slt	v0,s2,s6
400022ec:	10400023 	beqz	v0,4000237c <sched_rma+0xdc>
400022f0:	0220a821 	move	s5,s1
400022f4:	26540001 	addiu	s4,s2,1
400022f8:	0293102a 	slt	v0,s4,s3
400022fc:	1040001b 	beqz	v0,4000236c <sched_rma+0xcc>
40002300:	00000000 	nop
40002304:	080008c6 	j	40002318 <sched_rma+0x78>
40002308:	02808021 	move	s0,s4
4000230c:	26100001 	addiu	s0,s0,1
40002310:	12130016 	beq	s0,s3,4000236c <sched_rma+0xcc>
40002314:	00000000 	nop
40002318:	8e24e5ec 	lw	a0,-6676(s1)
4000231c:	0c000746 	jal	40001d18 <hf_queue_get>
40002320:	02402821 	move	a1,s2
40002324:	8e24e5ec 	lw	a0,-6676(s1)
40002328:	02002821 	move	a1,s0
4000232c:	0c000746 	jal	40001d18 <hf_queue_get>
40002330:	0040b821 	move	s7,v0
40002334:	9442002c 	lhu	v0,44(v0)
40002338:	96e3002c 	lhu	v1,44(s7)
4000233c:	0043102b 	sltu	v0,v0,v1
40002340:	1040fff2 	beqz	v0,4000230c <sched_rma+0x6c>
40002344:	8ea4e5ec 	lw	a0,-6676(s5)
40002348:	02003021 	move	a2,s0
4000234c:	0c00075f 	jal	40001d7c <hf_queue_swap>
40002350:	02402821 	move	a1,s2
40002354:	1040ffed 	beqz	v0,4000230c <sched_rma+0x6c>
40002358:	2404000c 	li	a0,12
4000235c:	0c00063d 	jal	400018f4 <panic>
40002360:	26100001 	addiu	s0,s0,1
40002364:	1613ffed 	bne	s0,s3,4000231c <sched_rma+0x7c>
40002368:	8e24e5ec 	lw	a0,-6676(s1)
4000236c:	02809021 	move	s2,s4
40002370:	0296102a 	slt	v0,s4,s6
40002374:	1440ffe0 	bnez	v0,400022f8 <sched_rma+0x58>
40002378:	26540001 	addiu	s4,s2,1
4000237c:	1a60002c 	blez	s3,40002430 <sched_rma+0x190>
40002380:	3c124008 	lui	s2,0x4008
40002384:	0000a821 	move	s5,zero
40002388:	00008021 	move	s0,zero
4000238c:	0240b021 	move	s6,s2
40002390:	24140003 	li	s4,3
40002394:	0c00072b 	jal	40001cac <hf_queue_remhead>
40002398:	8e24e5ec 	lw	a0,-6676(s1)
4000239c:	1040004e 	beqz	v0,400024d8 <sched_rma+0x238>
400023a0:	ae42e5d8 	sw	v0,-6696(s2)
400023a4:	8e24e5ec 	lw	a0,-6676(s1)
400023a8:	0c000709 	jal	40001c24 <hf_queue_addtail>
400023ac:	00402821 	move	a1,v0
400023b0:	1440002e 	bnez	v0,4000246c <sched_rma+0x1cc>
400023b4:	00000000 	nop
400023b8:	8e42e5d8 	lw	v0,-6696(s2)
400023bc:	90430016 	lbu	v1,22(v0)
400023c0:	10740008 	beq	v1,s4,400023e4 <sched_rma+0x144>
400023c4:	00000000 	nop
400023c8:	94430032 	lhu	v1,50(v0)
400023cc:	10600005 	beqz	v1,400023e4 <sched_rma+0x144>
400023d0:	00000000 	nop
400023d4:	16a00003 	bnez	s5,400023e4 <sched_rma+0x144>
400023d8:	2463ffff 	addiu	v1,v1,-1
400023dc:	94550000 	lhu	s5,0(v0)
400023e0:	a4430032 	sh	v1,50(v0)
400023e4:	94430034 	lhu	v1,52(v0)
400023e8:	2463ffff 	addiu	v1,v1,-1
400023ec:	3063ffff 	andi	v1,v1,0xffff
400023f0:	1460000a 	bnez	v1,4000241c <sched_rma+0x17c>
400023f4:	a4430034 	sh	v1,52(v0)
400023f8:	9444002c 	lhu	a0,44(v0)
400023fc:	94430032 	lhu	v1,50(v0)
40002400:	10600004 	beqz	v1,40002414 <sched_rma+0x174>
40002404:	a4440034 	sh	a0,52(v0)
40002408:	8c430028 	lw	v1,40(v0)
4000240c:	24630001 	addiu	v1,v1,1
40002410:	ac430028 	sw	v1,40(v0)
40002414:	9443002e 	lhu	v1,46(v0)
40002418:	a4430032 	sh	v1,50(v0)
4000241c:	26100001 	addiu	s0,s0,1
40002420:	1613ffdc 	bne	s0,s3,40002394 <sched_rma+0xf4>
40002424:	00000000 	nop
40002428:	16a00014 	bnez	s5,4000247c <sched_rma+0x1dc>
4000242c:	00151880 	sll	v1,s5,0x2
40002430:	3c024000 	lui	v0,0x4000
40002434:	244232cc 	addiu	v0,v0,13004
40002438:	ae42e5d8 	sw	v0,-6696(s2)
4000243c:	00001021 	move	v0,zero
40002440:	8fbf0034 	lw	ra,52(sp)
40002444:	8fb70030 	lw	s7,48(sp)
40002448:	8fb6002c 	lw	s6,44(sp)
4000244c:	8fb50028 	lw	s5,40(sp)
40002450:	8fb40024 	lw	s4,36(sp)
40002454:	8fb30020 	lw	s3,32(sp)
40002458:	8fb2001c 	lw	s2,28(sp)
4000245c:	8fb10018 	lw	s1,24(sp)
40002460:	8fb00014 	lw	s0,20(sp)
40002464:	03e00008 	jr	ra
40002468:	27bd0038 	addiu	sp,sp,56
4000246c:	0c00063d 	jal	400018f4 <panic>
40002470:	2404000b 	li	a0,11
40002474:	080008ef 	j	400023bc <sched_rma+0x11c>
40002478:	8e42e5d8 	lw	v0,-6696(s2)
4000247c:	00151100 	sll	v0,s5,0x4
40002480:	00621021 	addu	v0,v1,v0
40002484:	00551023 	subu	v0,v0,s5
40002488:	3c034000 	lui	v1,0x4000
4000248c:	000210c0 	sll	v0,v0,0x3
40002490:	246332cc 	addiu	v1,v1,13004
40002494:	00621821 	addu	v1,v1,v0
40002498:	8c640020 	lw	a0,32(v1)
4000249c:	8fbf0034 	lw	ra,52(sp)
400024a0:	02a01021 	move	v0,s5
400024a4:	24840001 	addiu	a0,a0,1
400024a8:	ae43e5d8 	sw	v1,-6696(s2)
400024ac:	8fb70030 	lw	s7,48(sp)
400024b0:	8fb6002c 	lw	s6,44(sp)
400024b4:	8fb50028 	lw	s5,40(sp)
400024b8:	8fb40024 	lw	s4,36(sp)
400024bc:	8fb30020 	lw	s3,32(sp)
400024c0:	8fb2001c 	lw	s2,28(sp)
400024c4:	8fb10018 	lw	s1,24(sp)
400024c8:	8fb00014 	lw	s0,20(sp)
400024cc:	ac640020 	sw	a0,32(v1)
400024d0:	03e00008 	jr	ra
400024d4:	27bd0038 	addiu	sp,sp,56
400024d8:	0c00063d 	jal	400018f4 <panic>
400024dc:	24040006 	li	a0,6
400024e0:	080008e9 	j	400023a4 <sched_rma+0x104>
400024e4:	8ec2e5d8 	lw	v0,-6696(s6)

400024e8 <hf_selfid>:
400024e8:	27bdffe8 	addiu	sp,sp,-24
400024ec:	afbf0014 	sw	ra,20(sp)
400024f0:	0c00015b 	jal	4000056c <_read_us>
400024f4:	00000000 	nop
400024f8:	3c044000 	lui	a0,0x4000
400024fc:	00602821 	move	a1,v1
40002500:	0c0002aa 	jal	40000aa8 <dprintf>
40002504:	24842f5c 	addiu	a0,a0,12124
40002508:	3c024008 	lui	v0,0x4008
4000250c:	8c42e5d8 	lw	v0,-6696(v0)
40002510:	8fbf0014 	lw	ra,20(sp)
40002514:	27bd0018 	addiu	sp,sp,24
40002518:	03e00008 	jr	ra
4000251c:	94420000 	lhu	v0,0(v0)

40002520 <hf_jobs>:
40002520:	27bdffe8 	addiu	sp,sp,-24
40002524:	afbf0014 	sw	ra,20(sp)
40002528:	afb00010 	sw	s0,16(sp)
4000252c:	0c00015b 	jal	4000056c <_read_us>
40002530:	3090ffff 	andi	s0,a0,0xffff
40002534:	3c044000 	lui	a0,0x4000
40002538:	00602821 	move	a1,v1
4000253c:	0c0002aa 	jal	40000aa8 <dprintf>
40002540:	24842f90 	addiu	a0,a0,12176
40002544:	2e03001e 	sltiu	v1,s0,30
40002548:	10600010 	beqz	v1,4000258c <hf_jobs+0x6c>
4000254c:	2402ff9c 	li	v0,-100
40002550:	00102080 	sll	a0,s0,0x2
40002554:	00101900 	sll	v1,s0,0x4
40002558:	00831821 	addu	v1,a0,v1
4000255c:	00708023 	subu	s0,v1,s0
40002560:	3c034000 	lui	v1,0x4000
40002564:	246332cc 	addiu	v1,v1,13004
40002568:	001080c0 	sll	s0,s0,0x3
4000256c:	02038021 	addu	s0,s0,v1
40002570:	8e030088 	lw	v1,136(s0)
40002574:	10600006 	beqz	v1,40002590 <hf_jobs+0x70>
40002578:	8fbf0014 	lw	ra,20(sp)
4000257c:	9602002c 	lhu	v0,44(s0)
40002580:	14400006 	bnez	v0,4000259c <hf_jobs+0x7c>
40002584:	00000000 	nop
40002588:	8e020024 	lw	v0,36(s0)
4000258c:	8fbf0014 	lw	ra,20(sp)
40002590:	8fb00010 	lw	s0,16(sp)
40002594:	03e00008 	jr	ra
40002598:	27bd0018 	addiu	sp,sp,24
4000259c:	8e020020 	lw	v0,32(s0)
400025a0:	8fb00010 	lw	s0,16(sp)
400025a4:	03e00008 	jr	ra
400025a8:	27bd0018 	addiu	sp,sp,24

400025ac <hf_dlm>:
400025ac:	27bdffe8 	addiu	sp,sp,-24
400025b0:	afbf0014 	sw	ra,20(sp)
400025b4:	afb00010 	sw	s0,16(sp)
400025b8:	0c00015b 	jal	4000056c <_read_us>
400025bc:	3090ffff 	andi	s0,a0,0xffff
400025c0:	3c044000 	lui	a0,0x4000
400025c4:	00602821 	move	a1,v1
400025c8:	0c0002aa 	jal	40000aa8 <dprintf>
400025cc:	24842fa0 	addiu	a0,a0,12192
400025d0:	2e03001e 	sltiu	v1,s0,30
400025d4:	1060000d 	beqz	v1,4000260c <hf_dlm+0x60>
400025d8:	2402ff9c 	li	v0,-100
400025dc:	00102080 	sll	a0,s0,0x2
400025e0:	00101900 	sll	v1,s0,0x4
400025e4:	00831821 	addu	v1,a0,v1
400025e8:	00708023 	subu	s0,v1,s0
400025ec:	3c034000 	lui	v1,0x4000
400025f0:	246332cc 	addiu	v1,v1,13004
400025f4:	001080c0 	sll	s0,s0,0x3
400025f8:	02038021 	addu	s0,s0,v1
400025fc:	8e030088 	lw	v1,136(s0)
40002600:	10600003 	beqz	v1,40002610 <hf_dlm+0x64>
40002604:	8fbf0014 	lw	ra,20(sp)
40002608:	8e020028 	lw	v0,40(s0)
4000260c:	8fbf0014 	lw	ra,20(sp)
40002610:	8fb00010 	lw	s0,16(sp)
40002614:	03e00008 	jr	ra
40002618:	27bd0018 	addiu	sp,sp,24

4000261c <hf_spawn>:
4000261c:	27bdffa0 	addiu	sp,sp,-96
40002620:	afbf005c 	sw	ra,92(sp)
40002624:	afb60050 	sw	s6,80(sp)
40002628:	afb20040 	sw	s2,64(sp)
4000262c:	afb1003c 	sw	s1,60(sp)
40002630:	afb00038 	sw	s0,56(sp)
40002634:	30b1ffff 	andi	s1,a1,0xffff
40002638:	30d0ffff 	andi	s0,a2,0xffff
4000263c:	00809021 	move	s2,a0
40002640:	30f6ffff 	andi	s6,a3,0xffff
40002644:	afbe0058 	sw	s8,88(sp)
40002648:	afb70054 	sw	s7,84(sp)
4000264c:	afb5004c 	sw	s5,76(sp)
40002650:	afb40048 	sw	s4,72(sp)
40002654:	afb30044 	sw	s3,68(sp)
40002658:	afa00028 	sw	zero,40(sp)
4000265c:	0c00015b 	jal	4000056c <_read_us>
40002660:	00000000 	nop
40002664:	3c044000 	lui	a0,0x4000
40002668:	00602821 	move	a1,v1
4000266c:	0c0002aa 	jal	40000aa8 <dprintf>
40002670:	24842fe0 	addiu	a0,a0,12256
40002674:	0230182b 	sltu	v1,s1,s0
40002678:	14600082 	bnez	v1,40002884 <hf_spawn+0x268>
4000267c:	2402ff9b 	li	v0,-101
40002680:	02d0182b 	sltu	v1,s6,s0
40002684:	14600080 	bnez	v1,40002888 <hf_spawn+0x26c>
40002688:	8fbf005c 	lw	ra,92(sp)
4000268c:	0c000082 	jal	40000208 <_interrupt_set>
40002690:	00002021 	move	a0,zero
40002694:	afa2002c 	sw	v0,44(sp)
40002698:	3c134000 	lui	s3,0x4000
4000269c:	8fa20028 	lw	v0,40(sp)
400026a0:	080009b2 	j	400026c8 <hf_spawn+0xac>
400026a4:	267332cc 	addiu	s3,s3,13004
400026a8:	8fa20028 	lw	v0,40(sp)
400026ac:	2c42001e 	sltiu	v0,v0,30
400026b0:	1040000e 	beqz	v0,400026ec <hf_spawn+0xd0>
400026b4:	00000000 	nop
400026b8:	8fa20028 	lw	v0,40(sp)
400026bc:	24420001 	addiu	v0,v0,1
400026c0:	afa20028 	sw	v0,40(sp)
400026c4:	8fa20028 	lw	v0,40(sp)
400026c8:	00022080 	sll	a0,v0,0x2
400026cc:	00021900 	sll	v1,v0,0x4
400026d0:	00831821 	addu	v1,a0,v1
400026d4:	00621023 	subu	v0,v1,v0
400026d8:	000210c0 	sll	v0,v0,0x3
400026dc:	02621021 	addu	v0,s3,v0
400026e0:	8c420088 	lw	v0,136(v0)
400026e4:	1440fff0 	bnez	v0,400026a8 <hf_spawn+0x8c>
400026e8:	00000000 	nop
400026ec:	8fa30028 	lw	v1,40(sp)
400026f0:	2402001e 	li	v0,30
400026f4:	10620087 	beq	v1,v0,40002914 <hf_spawn+0x2f8>
400026f8:	00000000 	nop
400026fc:	8fa20028 	lw	v0,40(sp)
40002700:	3c174008 	lui	s7,0x4008
40002704:	96e7e5e0 	lhu	a3,-6688(s7)
40002708:	00022080 	sll	a0,v0,0x2
4000270c:	00021900 	sll	v1,v0,0x4
40002710:	00831821 	addu	v1,a0,v1
40002714:	00621023 	subu	v0,v1,v0
40002718:	8fa30028 	lw	v1,40(sp)
4000271c:	8fa50070 	lw	a1,112(sp)
40002720:	000210c0 	sll	v0,v0,0x3
40002724:	02621021 	addu	v0,s3,v0
40002728:	3c144008 	lui	s4,0x4008
4000272c:	24e70001 	addiu	a3,a3,1
40002730:	24060014 	li	a2,20
40002734:	a4430000 	sh	v1,0(v0)
40002738:	24440002 	addiu	a0,v0,2
4000273c:	a6e7e5e0 	sh	a3,-6688(s7)
40002740:	0c0003ff 	jal	40000ffc <strncpy>
40002744:	ae82e5d8 	sw	v0,-6696(s4)
40002748:	8fb50074 	lw	s5,116(sp)
4000274c:	8e9ee5d8 	lw	s8,-6696(s4)
40002750:	24020064 	li	v0,100
40002754:	26b50003 	addiu	s5,s5,3
40002758:	0015a882 	srl	s5,s5,0x2
4000275c:	0015a880 	sll	s5,s5,0x2
40002760:	02a02021 	move	a0,s5
40002764:	a3c00016 	sb	zero,22(s8)
40002768:	a3c20017 	sb	v0,23(s8)
4000276c:	a3c20018 	sb	v0,24(s8)
40002770:	afc0001c 	sw	zero,28(s8)
40002774:	a7d1002c 	sh	s1,44(s8)
40002778:	a7d0002e 	sh	s0,46(s8)
4000277c:	a7d60030 	sh	s6,48(s8)
40002780:	a7d00032 	sh	s0,50(s8)
40002784:	a7d60034 	sh	s6,52(s8)
40002788:	afc00020 	sw	zero,32(s8)
4000278c:	afc00024 	sw	zero,36(s8)
40002790:	afc00028 	sw	zero,40(s8)
40002794:	afd20088 	sw	s2,136(s8)
40002798:	0c0005c1 	jal	40001704 <hf_malloc>
4000279c:	afd50090 	sw	s5,144(s8)
400027a0:	8e83e5d8 	lw	v1,-6696(s4)
400027a4:	afc2008c 	sw	v0,140(s8)
400027a8:	8c65008c 	lw	a1,140(v1)
400027ac:	94640000 	lhu	a0,0(v1)
400027b0:	24a5fffc 	addiu	a1,a1,-4
400027b4:	0c000138 	jal	400004e0 <_set_task_sp>
400027b8:	00b52821 	addu	a1,a1,s5
400027bc:	8e82e5d8 	lw	v0,-6696(s4)
400027c0:	8c450088 	lw	a1,136(v0)
400027c4:	0c00014e 	jal	40000538 <_set_task_tp>
400027c8:	94440000 	lhu	a0,0(v0)
400027cc:	8e85e5d8 	lw	a1,-6696(s4)
400027d0:	8ca2008c 	lw	v0,140(a1)
400027d4:	10400040 	beqz	v0,400028d8 <hf_spawn+0x2bc>
400027d8:	3c03b00b 	lui	v1,0xb00b
400027dc:	94be0000 	lhu	s8,0(a1)
400027e0:	3463b00b 	ori	v1,v1,0xb00b
400027e4:	94b7002c 	lhu	s7,44(a1)
400027e8:	94b6002e 	lhu	s6,46(a1)
400027ec:	94b20030 	lhu	s2,48(a1)
400027f0:	8cb00088 	lw	s0,136(a1)
400027f4:	03c02021 	move	a0,s8
400027f8:	ac430000 	sw	v1,0(v0)
400027fc:	0c000143 	jal	4000050c <_get_task_sp>
40002800:	afa50030 	sw	a1,48(sp)
40002804:	8fa50030 	lw	a1,48(sp)
40002808:	3c044000 	lui	a0,0x4000
4000280c:	24843018 	addiu	a0,a0,12312
40002810:	24a50002 	addiu	a1,a1,2
40002814:	03c03021 	move	a2,s8
40002818:	02e03821 	move	a3,s7
4000281c:	afb60010 	sw	s6,16(sp)
40002820:	afb20014 	sw	s2,20(sp)
40002824:	afb00018 	sw	s0,24(sp)
40002828:	afa2001c 	sw	v0,28(sp)
4000282c:	0c00022d 	jal	400008b4 <kprintf>
40002830:	afb50020 	sw	s5,32(sp)
40002834:	1620001f 	bnez	s1,400028b4 <hf_spawn+0x298>
40002838:	3c024008 	lui	v0,0x4008
4000283c:	3c024008 	lui	v0,0x4008
40002840:	8c44e5e8 	lw	a0,-6680(v0)
40002844:	0c000709 	jal	40001c24 <hf_queue_addtail>
40002848:	8e85e5d8 	lw	a1,-6696(s4)
4000284c:	1440002d 	bnez	v0,40002904 <hf_spawn+0x2e8>
40002850:	00000000 	nop
40002854:	3c024008 	lui	v0,0x4008
40002858:	9442e5d4 	lhu	v0,-6700(v0)
4000285c:	8fa4002c 	lw	a0,44(sp)
40002860:	00022880 	sll	a1,v0,0x2
40002864:	00021900 	sll	v1,v0,0x4
40002868:	00a31821 	addu	v1,a1,v1
4000286c:	00621023 	subu	v0,v1,v0
40002870:	000210c0 	sll	v0,v0,0x3
40002874:	02629821 	addu	s3,s3,v0
40002878:	0c000082 	jal	40000208 <_interrupt_set>
4000287c:	ae93e5d8 	sw	s3,-6696(s4)
40002880:	8fa20028 	lw	v0,40(sp)
40002884:	8fbf005c 	lw	ra,92(sp)
40002888:	8fbe0058 	lw	s8,88(sp)
4000288c:	8fb70054 	lw	s7,84(sp)
40002890:	8fb60050 	lw	s6,80(sp)
40002894:	8fb5004c 	lw	s5,76(sp)
40002898:	8fb40048 	lw	s4,72(sp)
4000289c:	8fb30044 	lw	s3,68(sp)
400028a0:	8fb20040 	lw	s2,64(sp)
400028a4:	8fb1003c 	lw	s1,60(sp)
400028a8:	8fb00038 	lw	s0,56(sp)
400028ac:	03e00008 	jr	ra
400028b0:	27bd0060 	addiu	sp,sp,96
400028b4:	8c44e5ec 	lw	a0,-6676(v0)
400028b8:	0c000709 	jal	40001c24 <hf_queue_addtail>
400028bc:	8e85e5d8 	lw	a1,-6696(s4)
400028c0:	1040ffe4 	beqz	v0,40002854 <hf_spawn+0x238>
400028c4:	00000000 	nop
400028c8:	0c00063d 	jal	400018f4 <panic>
400028cc:	2404000b 	li	a0,11
400028d0:	08000a16 	j	40002858 <hf_spawn+0x23c>
400028d4:	3c024008 	lui	v0,0x4008
400028d8:	96e2e5e0 	lhu	v0,-6688(s7)
400028dc:	3c044000 	lui	a0,0x4000
400028e0:	aca00088 	sw	zero,136(a1)
400028e4:	2442ffff 	addiu	v0,v0,-1
400028e8:	24843060 	addiu	a0,a0,12384
400028ec:	0c00022d 	jal	400008b4 <kprintf>
400028f0:	a6e2e5e0 	sh	v0,-6688(s7)
400028f4:	2402ff98 	li	v0,-104
400028f8:	afa20028 	sw	v0,40(sp)
400028fc:	08000a16 	j	40002858 <hf_spawn+0x23c>
40002900:	3c024008 	lui	v0,0x4008
40002904:	0c00063d 	jal	400018f4 <panic>
40002908:	24040009 	li	a0,9
4000290c:	08000a16 	j	40002858 <hf_spawn+0x23c>
40002910:	3c024008 	lui	v0,0x4008
40002914:	3c044000 	lui	a0,0x4000
40002918:	24842ff0 	addiu	a0,a0,12272
4000291c:	0c00022d 	jal	400008b4 <kprintf>
40002920:	2405001e 	li	a1,30
40002924:	8fa4002c 	lw	a0,44(sp)
40002928:	0c000082 	jal	40000208 <_interrupt_set>
4000292c:	00000000 	nop
40002930:	08000a21 	j	40002884 <hf_spawn+0x268>
40002934:	2402ff99 	li	v0,-103
